[11:35:26] [Server thread/INFO]: Starting minecraft server version 1.8.8
[11:35:26] [Server thread/INFO]: Loading properties
[11:35:26] [Server thread/INFO]: Default game type: SURVIVAL
[11:35:26] [Server thread/INFO]: This server is running CraftBukkit version git-PaperSpigot-445 (MC: 1.8.8) (Implementing API version 1.8.8-R0.1-SNAPSHOT)
[11:35:26] [Server thread/INFO]: Debug logging is disabled
[11:35:26] [Server thread/INFO]: Spigot Timings: true - Verbose: true - Interval: 5m - Length: 60m
[11:35:26] [Server thread/INFO]: Server Ping Player Sample Count: 12

[11:35:26] [Server thread/INFO]: Using 4 threads for Netty based IO
[11:35:26] [Server thread/INFO]: Data value allowed items: 
[11:35:26] [Server thread/WARN]: java.lang.NoSuchFieldException: modifiers

[11:35:26] [Server thread/WARN]: 	at java.base/java.lang.Class.getDeclaredField(Class.java:2782)

[11:35:26] [Server thread/WARN]: 	at org.github.paperspigot.PaperSpigotConfig.stackableBuckets(PaperSpigotConfig.java:192)

[11:35:26] [Server thread/WARN]: 	at java.base/jdk.internal.reflect.DirectMethodHandleAccessor.invoke(DirectMethodHandleAccessor.java:103)

[11:35:26] [Server thread/WARN]: 	at java.base/java.lang.reflect.Method.invoke(Method.java:580)

[11:35:26] [Server thread/WARN]: 	at org.github.paperspigot.PaperSpigotConfig.readConfig(PaperSpigotConfig.java:84)

[11:35:26] [Server thread/WARN]: 	at org.github.paperspigot.PaperSpigotConfig.init(PaperSpigotConfig.java:62)

[11:35:26] [Server thread/WARN]: 	at net.minecraft.server.v1_8_R3.DedicatedServer.init(DedicatedServer.java:181)

[11:35:26] [Server thread/WARN]: 	at net.minecraft.server.v1_8_R3.MinecraftServer.run(MinecraftServer.java:563)

[11:35:26] [Server thread/WARN]: 	at java.base/java.lang.Thread.run(Thread.java:1583)

[11:35:26] [Server thread/INFO]: Generating keypair
[11:35:27] [Server thread/INFO]: Starting Minecraft server on localhost:25565
[11:35:27] [Server thread/INFO]: Your platform does not provide complete low-level API for accessing direct buffers reliably. Unless explicitly requested, heap buffer will always be preferred to avoid potential system unstability.
[11:35:27] [Server thread/INFO]: Using default channel type
[11:35:27] [Server thread/ERROR]: Ambiguous plugin name `EaglerPluginInstaller' for files `plugins/EaglerPluginInstaller-1.1.5.jar' and `plugins/EaglerPluginInstaller.jar' in `plugins'
[11:35:27] [Server thread/INFO]: Set PluginClassLoader as parallel capable
[11:35:27] [Server thread/INFO]: [Shop] Loading Shop v1.3
[11:35:27] [Server thread/INFO]: [SimpleTpa] Loading SimpleTpa v6.4
[11:35:27] [Server thread/INFO]: [[EaglerPluginInstaller]] Loading EaglerPluginInstaller v1.1.4
[11:35:27] [Server thread/INFO]: [SimpleHomes] Loading SimpleHomes v2.2
[11:35:27] [Server thread/INFO]: [RpgTrades] Loading RpgTrades v1.6
[11:35:27] [Server thread/INFO]: [WorldEdit] Loading WorldEdit v6.1;no_git_id
[11:35:27] [Server thread/INFO]: [[EaglerPluginUpdater]] Loading EaglerPluginUpdater v1.1.2
[11:35:27] [Server thread/INFO]: [ToolStats] Loading ToolStats v1.1.4
[11:35:27] [Server thread/INFO]: [LoginSecurity] Loading LoginSecurity v3.2.0
[11:35:27] [Server thread/INFO]: [DupePatch] Loading DupePatch v1.0.0
[11:35:27] [Server thread/INFO]: [WorldGuard] Loading WorldGuard v5.7.5
[11:35:27] [Server thread/WARN]: **** SERVER IS RUNNING IN OFFLINE/INSECURE MODE!
[11:35:27] [Server thread/WARN]: The server will make no attempt to authenticate usernames. Beware.
[11:35:27] [Server thread/WARN]: Whilst this makes it possible to use BungeeCord, unless access to your server is properly restricted, it also opens up the ability for hackers to connect with any username they choose.
[11:35:27] [Server thread/WARN]: Please see http://www.spigotmc.org/wiki/firewall-guide/ for further information.
[11:35:27] [Server thread/WARN]: To change this, set "online-mode" to "true" in the server.properties file.
[11:35:27] [Server thread/INFO]: **** Beginning UUID conversion, this may take A LONG time ****
[11:35:27] [Server thread/INFO]: Preparing level "world"
[11:35:27] [Server thread/INFO]: -------- World Settings For [world] --------
[11:35:27] [Server thread/INFO]: Mob Spawn Range: 4
[11:35:27] [Server thread/INFO]: Anti X-Ray: true
[11:35:27] [Server thread/INFO]: 	Engine Mode: 1
[11:35:27] [Server thread/INFO]: 	Hidden Blocks: [14, 15, 16, 21, 48, 49, 54, 56, 73, 74, 82, 129, 130]
[11:35:27] [Server thread/INFO]: 	Replace Blocks: [1, 5]
[11:35:27] [Server thread/INFO]: Nerfing mobs spawned from spawners: false
[11:35:27] [Server thread/INFO]: Cactus Growth Modifier: 100%
[11:35:27] [Server thread/INFO]: Cane Growth Modifier: 100%
[11:35:27] [Server thread/INFO]: Melon Growth Modifier: 100%
[11:35:27] [Server thread/INFO]: Mushroom Growth Modifier: 100%
[11:35:27] [Server thread/INFO]: Pumpkin Growth Modifier: 100%
[11:35:27] [Server thread/INFO]: Sapling Growth Modifier: 100%
[11:35:27] [Server thread/INFO]: Wheat Growth Modifier: 100%
[11:35:27] [Server thread/INFO]: NetherWart Growth Modifier: 100%
[11:35:27] [Server thread/INFO]: Entity Activation Range: An 32 / Mo 32 / Mi 16
[11:35:27] [Server thread/INFO]: Entity Tracking Range: Pl 48 / An 48 / Mo 48 / Mi 32 / Other 64
[11:35:27] [Server thread/INFO]: Hopper Transfer: 8 Hopper Check: 8 Hopper Amount: 1
[11:35:27] [Server thread/INFO]: Random Lighting Updates: false
[11:35:27] [Server thread/INFO]: Structure Info Saving: true
[11:35:27] [Server thread/INFO]: Sending up to 10 chunks per packet
[11:35:27] [Server thread/INFO]: Max Entity Collisions: 8
[11:35:27] [Server thread/INFO]: Custom Map Seeds:  Village: 10387312 Feature: 14357617
[11:35:27] [Server thread/INFO]: Max TNT Explosions: 100
[11:35:27] [Server thread/INFO]: Tile Max Tick Time: 50ms Entity max Tick Time: 50ms
[11:35:27] [Server thread/INFO]: Item Despawn Rate: 6000
[11:35:27] [Server thread/INFO]: Item Merge Radius: 2.5
[11:35:27] [Server thread/INFO]: Arrow Despawn Rate: 1200
[11:35:27] [Server thread/INFO]: Allow Zombie Pigmen to spawn from portal blocks: true
[11:35:27] [Server thread/INFO]: View Distance: 4
[11:35:27] [Server thread/INFO]: Zombie Aggressive Towards Villager: true
[11:35:27] [Server thread/INFO]: Chunks to Grow per Tick: 650
[11:35:27] [Server thread/INFO]: Clear tick list: false
[11:35:27] [Server thread/INFO]: Experience Merge Radius: 3.0
[11:35:27] [Server thread/INFO]: -------- World Settings For [world] --------
[11:35:27] [Server thread/INFO]: Living Entity Despawn Ranges:  Soft: 32 Hard: 128
[11:35:27] [Server thread/INFO]: Squids will spawn between Y: 45.0 and Y: 63.0
[11:35:27] [Server thread/INFO]: Max height for cactus growth 3. Max height for reed growth 3
[11:35:27] [Server thread/INFO]: Player blocking damage multiplier set to 0.5
[11:35:27] [Server thread/INFO]: Remove invalid mob spawner tile entities: true
[11:35:27] [Server thread/INFO]: Water over lava flow speed: 5
[11:35:27] [Server thread/INFO]: Fix TNT cannons: false
[11:35:27] [Server thread/INFO]: Allow undead horse types to be leashed: false
[11:35:27] [Server thread/INFO]: Keep spawn chunk loaded: true
[11:35:27] [Server thread/INFO]: World async lighting: false
[11:35:27] [Server thread/INFO]: WorldServer TickNextTick cap set at 10000
[11:35:27] [Server thread/INFO]: WorldServer TickNextTickList cap always processes redstone: false
[11:35:27] [Server thread/INFO]: -------- World Settings For [world_nether] --------
[11:35:27] [Server thread/INFO]: Mob Spawn Range: 4
[11:35:27] [Server thread/INFO]: Anti X-Ray: true
[11:35:27] [Server thread/INFO]: 	Engine Mode: 1
[11:35:27] [Server thread/INFO]: 	Hidden Blocks: [14, 15, 16, 21, 48, 49, 54, 56, 73, 74, 82, 129, 130]
[11:35:27] [Server thread/INFO]: 	Replace Blocks: [1, 5]
[11:35:27] [Server thread/INFO]: Nerfing mobs spawned from spawners: false
[11:35:27] [Server thread/INFO]: Cactus Growth Modifier: 100%
[11:35:27] [Server thread/INFO]: Cane Growth Modifier: 100%
[11:35:27] [Server thread/INFO]: Melon Growth Modifier: 100%
[11:35:27] [Server thread/INFO]: Mushroom Growth Modifier: 100%
[11:35:27] [Server thread/INFO]: Pumpkin Growth Modifier: 100%
[11:35:27] [Server thread/INFO]: Sapling Growth Modifier: 100%
[11:35:27] [Server thread/INFO]: Wheat Growth Modifier: 100%
[11:35:27] [Server thread/INFO]: NetherWart Growth Modifier: 100%
[11:35:27] [Server thread/INFO]: Entity Activation Range: An 32 / Mo 32 / Mi 16
[11:35:27] [Server thread/INFO]: Entity Tracking Range: Pl 48 / An 48 / Mo 48 / Mi 32 / Other 64
[11:35:27] [Server thread/INFO]: Hopper Transfer: 8 Hopper Check: 8 Hopper Amount: 1
[11:35:27] [Server thread/INFO]: Random Lighting Updates: false
[11:35:27] [Server thread/INFO]: Structure Info Saving: true
[11:35:27] [Server thread/INFO]: Sending up to 10 chunks per packet
[11:35:27] [Server thread/INFO]: Max Entity Collisions: 8
[11:35:27] [Server thread/INFO]: Custom Map Seeds:  Village: 10387312 Feature: 14357617
[11:35:27] [Server thread/INFO]: Max TNT Explosions: 100
[11:35:27] [Server thread/INFO]: Tile Max Tick Time: 50ms Entity max Tick Time: 50ms
[11:35:27] [Server thread/INFO]: Item Despawn Rate: 6000
[11:35:27] [Server thread/INFO]: Item Merge Radius: 2.5
[11:35:27] [Server thread/INFO]: Arrow Despawn Rate: 1200
[11:35:27] [Server thread/INFO]: Allow Zombie Pigmen to spawn from portal blocks: true
[11:35:27] [Server thread/INFO]: View Distance: 4
[11:35:27] [Server thread/INFO]: Zombie Aggressive Towards Villager: true
[11:35:27] [Server thread/INFO]: Chunks to Grow per Tick: 650
[11:35:27] [Server thread/INFO]: Clear tick list: false
[11:35:27] [Server thread/INFO]: Experience Merge Radius: 3.0
[11:35:27] [Server thread/INFO]: -------- World Settings For [world_nether] --------
[11:35:27] [Server thread/INFO]: Living Entity Despawn Ranges:  Soft: 32 Hard: 128
[11:35:27] [Server thread/INFO]: Squids will spawn between Y: 45.0 and Y: 63.0
[11:35:27] [Server thread/INFO]: Max height for cactus growth 3. Max height for reed growth 3
[11:35:27] [Server thread/INFO]: Player blocking damage multiplier set to 0.5
[11:35:27] [Server thread/INFO]: Remove invalid mob spawner tile entities: true
[11:35:27] [Server thread/INFO]: Water over lava flow speed: 5
[11:35:27] [Server thread/INFO]: Fix TNT cannons: false
[11:35:27] [Server thread/INFO]: Allow undead horse types to be leashed: false
[11:35:27] [Server thread/INFO]: Keep spawn chunk loaded: true
[11:35:27] [Server thread/INFO]: World async lighting: false
[11:35:27] [Server thread/INFO]: WorldServer TickNextTick cap set at 10000
[11:35:27] [Server thread/INFO]: WorldServer TickNextTickList cap always processes redstone: false
[11:35:27] [Server thread/INFO]: Preparing start region for level 0 (Seed: -640423321597583421)
[11:35:28] [Server thread/INFO]: Preparing spawn area: 20%
[11:35:29] [Server thread/INFO]: Preparing spawn area: 79%
[11:35:30] [Server thread/INFO]: Preparing start region for level 1 (Seed: -640423321597583421)
[11:35:31] [Server thread/INFO]: Preparing spawn area: 94%
[11:35:31] [Server thread/INFO]: [Shop] Enabling Shop v1.3
[11:35:31] [Server thread/INFO]: [Shop] Shops will use emerald as the physical economy on the server.

[11:35:31] [Server thread/INFO]: [SimpleTpa] Enabling SimpleTpa v6.4
[11:35:31] [Server thread/INFO]: [0;33;1m[21m[SimpleTpa] If you need support contact me at https://discord.gg/SZUkza9[m

[11:35:31] [Server thread/INFO]: [0;33;1m[21m[SimpleTpa] Simple Tpa has been enabled on version 6.4[m

[11:35:31] [Server thread/INFO]: Enabled metrics. You may opt-out by changing plugins/bStats/config.yml
[11:35:31] [Server thread/INFO]: [[EaglerPluginInstaller]] Enabling EaglerPluginInstaller v1.1.4
[11:35:31] [Server thread/INFO]: Check 1 passed

[11:35:33] [Server thread/INFO]: Check 3 passed

[11:35:33] [Server thread/INFO]: --------------------------------------------[m

[11:35:33] [Server thread/INFO]: --------------------------------------------[m

[11:35:33] [Server thread/INFO]: [0;32;1m[EaglerPluginInstaller][0;36;1m EaglerPluginInstaller V1.1.5 is now Enabled! :D[m

[11:35:33] [Server thread/INFO]: To use PluginInstaller, run the command "/install <pluginname>" ("install <pluginname>" in console) to install a plugin[m

[11:35:33] [Server thread/INFO]: To get a list of installable plugins, use the command "/plist" or "plist" in console[m

[11:35:33] [Server thread/INFO]: You can request to add a new plugin to the database by going to https://github.com/darverdevs/PluginInstallerRepo/tree/main[m

[11:35:33] [Server thread/INFO]: and creating an issue or pull request of the plugin you want to add[m

[11:35:33] [Server thread/INFO]: --------------------------------------------[m

[11:35:33] [Server thread/INFO]: --------------------------------------------[m

[11:35:33] [Server thread/INFO]: [SimpleHomes] Enabling SimpleHomes v2.2
[11:35:33] [Server thread/INFO]: [RpgTrades] Enabling RpgTrades v1.6
[11:35:33] [Server thread/INFO]: [WorldEdit] Enabling WorldEdit v6.1;no_git_id
[11:35:34] [Server thread/INFO]: WEPIF: Using the Bukkit Permissions API.
[11:35:34] [Server thread/INFO]: [WorldEdit] Using com.sk89q.worldedit.bukkit.adapter.impl.Spigot_v1_8_R3 as the Bukkit adapter
[11:35:34] [Server thread/INFO]: [[EaglerPluginUpdater]] Enabling EaglerPluginUpdater v1.1.2
[11:35:35] [Server thread/INFO]: [[EaglerPluginInstaller]] Disabling EaglerPluginInstaller v1.1.4
[11:35:35] [Server thread/INFO]: --------------------------------------------[m

[11:35:35] [Server thread/INFO]: --------------------------------------------[m

[11:35:35] [Server thread/INFO]: [0;32;1m[EaglerPluginInstaller][0;36;1m PluginInstaller V1.1.5 is now Disabled! D:[m

[11:35:35] [Server thread/INFO]: --------------------------------------------[m

[11:35:35] [Server thread/INFO]: --------------------------------------------[m

[11:35:35] [Server thread/INFO]: [[EaglerPluginInstaller]] Enabling EaglerPluginInstaller v1.1.4
[11:35:35] [Server thread/INFO]: Check 1 passed

[11:35:35] [Server thread/INFO]: Check 3 passed

[11:35:35] [Server thread/INFO]: --------------------------------------------[m

[11:35:35] [Server thread/INFO]: --------------------------------------------[m

[11:35:35] [Server thread/INFO]: [0;32;1m[EaglerPluginInstaller][0;36;1m EaglerPluginInstaller V1.1.5 is now Enabled! :D[m

[11:35:35] [Server thread/INFO]: To use PluginInstaller, run the command "/install <pluginname>" ("install <pluginname>" in console) to install a plugin[m

[11:35:35] [Server thread/INFO]: To get a list of installable plugins, use the command "/plist" or "plist" in console[m

[11:35:35] [Server thread/INFO]: You can request to add a new plugin to the database by going to https://github.com/darverdevs/PluginInstallerRepo/tree/main[m

[11:35:35] [Server thread/INFO]: and creating an issue or pull request of the plugin you want to add[m

[11:35:35] [Server thread/INFO]: --------------------------------------------[m

[11:35:35] [Server thread/INFO]: --------------------------------------------[m

[11:35:35] [Server thread/INFO]: --------------------------------------------[m

[11:35:35] [Server thread/INFO]: --------------------------------------------[m

[11:35:35] [Server thread/INFO]: [0;32;1m[EaglerPluginUpdater][0;36;1m EaglerPluginUpdater V1.1.2 is now Enabled! :D[m

[11:35:35] [Server thread/INFO]: You do not need to do anything, this plugin will automatically update your PluginUpdater on startup[m

[11:35:35] [Server thread/INFO]: --------------------------------------------[m

[11:35:35] [Server thread/INFO]: --------------------------------------------[m

[11:35:35] [Server thread/INFO]: [ToolStats] Enabling ToolStats v1.1.4
[11:35:35] [Server thread/INFO]: [LoginSecurity] Enabling LoginSecurity v3.2.0
[11:35:35] [Server thread/INFO]: [LoginSecurity] Loading base translations from "en_us"
[11:35:35] [Server thread/INFO]: [LoginSecurity] Loading specified translations from "en_us"
[11:35:35] [Server thread/INFO]: [LoginSecurity] Registering commands...
[11:35:35] [Server thread/INFO]: [LoginSecurity] Registering listeners...
[11:35:35] [Server thread/INFO]: [DupePatch] Enabling DupePatch v1.0.0
[11:35:35] [Server thread/INFO]: [WorldGuard] Enabling WorldGuard v5.7.5
[11:35:35] [Server thread/INFO]: [WorldGuard] (world) TNT ignition is PERMITTED.
[11:35:35] [Server thread/INFO]: [WorldGuard] (world) Lighters are PERMITTED.
[11:35:35] [Server thread/INFO]: [WorldGuard] (world) Lava fire is PERMITTED.
[11:35:35] [Server thread/INFO]: [WorldGuard] (world) Fire spread is UNRESTRICTED.
[11:35:35] [Server thread/INFO]: [WorldGuard] Loaded configuration for world 'world'
[11:35:35] [Server thread/INFO]: [WorldGuard] (world_nether) TNT ignition is PERMITTED.
[11:35:35] [Server thread/INFO]: [WorldGuard] (world_nether) Lighters are PERMITTED.
[11:35:35] [Server thread/INFO]: [WorldGuard] (world_nether) Lava fire is PERMITTED.
[11:35:35] [Server thread/INFO]: [WorldGuard] (world_nether) Fire spread is UNRESTRICTED.
[11:35:35] [Server thread/INFO]: [WorldGuard] Loaded configuration for world 'world_nether'
[11:35:35] [Server thread/INFO]: [WorldGuard] 1 regions loaded for 'world'
[11:35:35] [Server thread/INFO]: [WorldGuard] 0 regions loaded for 'world_nether'
[11:35:35] [Server thread/INFO]: Done (7.936s)! For help, type "help" or "?"
[11:35:35] [Server thread/INFO]: Timings Reset
[11:35:35] [Craft Scheduler Thread - 0/INFO]: [Metrics] Connection refused
[11:35:35] [Craft Scheduler Thread - 1/INFO]: [0;31;1m[21m[SimpleTpa] There is a new update available.[m

[11:35:35] [Craft Scheduler Thread - 1/INFO]: [0;31;1m[SimpleTpa] There is a new update available:[m

[11:35:35] [Craft Scheduler Thread - 1/INFO]: [0;31;1m[SimpleTpa] https://www.spigotmc.org/resources/simple-tpa.64270/[m

[11:35:44] [Thread-7/INFO]: UUID of player R__ is db88563f-01f3-309b-bf68-ef290f8d9459
[11:35:44] [Server thread/INFO]: R__[/[0:0:0:0:0:0:0:1]:57078] logged in with entity id 289 at ([world]-220.0, 64.0, 188.0)
[11:35:56] [Thread-8/INFO]: UUID of player Fyodor is f19da288-b52c-3069-be6d-7c582de4cd85
[11:35:56] [Server thread/INFO]: Fyodor[/[0:0:0:0:0:0:0:1]:45112] logged in with entity id 627 at ([world]-220.0, 64.0, 188.0)
[11:35:59] [Thread-9/INFO]: UUID of player men is 1e674774-d490-3bed-9a03-bf21c9eabd8e
[11:35:59] [Server thread/INFO]: men[/[0:0:0:0:0:0:0:1]:45120] logged in with entity id 757 at ([world]-220.0, 64.0, 188.0)
[11:36:05] [Server thread/INFO]: R__ issued server command: /home base
[11:36:15] [Server thread/INFO]: men lost connection: Disconnected
[11:36:15] [Server thread/INFO]: men left the game.
[11:36:21] [Thread-10/INFO]: UUID of player men is 1e674774-d490-3bed-9a03-bf21c9eabd8e
[11:36:21] [Server thread/INFO]: men[/[0:0:0:0:0:0:0:1]:38568] logged in with entity id 975 at ([world]-220.0, 64.0, 188.0)
[11:36:53] [Server thread/INFO]: R__ issued server command: /home s
[11:37:22] [Server thread/INFO]: men issued server command: /home mob
[11:37:33] [Server thread/INFO]: Fyodor issued server command: /home hoem
[11:37:45] [Server thread/INFO]: Fyodor issued server command: /home ranen
[11:38:56] [Server thread/INFO]: R__ issued server command: /dhome s
[11:38:57] [Server thread/INFO]: R__ issued server command: /shome s
[11:38:59] [Server thread/INFO]: R__ issued server command: /home base
[11:39:07] [Server thread/INFO]: men issued server command: /home big
[11:39:52] [Server thread/INFO]: R__ issued server command: /home base
[11:39:54] [Server thread/INFO]: R__ issued server command: /home s
[11:40:02] [Server thread/INFO]: R__ issued server command: /home s
[11:40:19] [Server thread/INFO]: Fyodor issued server command: /home ranen
[11:41:10] [Server thread/INFO]: men issued server command: /home mob
[11:41:43] [Server thread/INFO]: R__ issued server command: /dhome s
[11:41:45] [Server thread/INFO]: R__ issued server command: /shome s
[11:41:47] [Server thread/INFO]: R__ issued server command: /home base
[11:42:02] [Server thread/INFO]: Fyodor issued server command: /homes
[11:42:05] [Server thread/INFO]: Fyodor issued server command: /home et
[11:42:12] [Server thread/INFO]: R__ issued server command: /home byeoz]
[11:42:14] [Server thread/INFO]: R__ issued server command: /homes
[11:42:19] [Server thread/INFO]: R__ issued server command: /home byeoz
[11:42:20] [Thread-12/INFO]: UUID of player DEF_NOT_XRAYING is 99e1fcb5-ec49-355c-a8ac-0299c20203f8
[11:42:20] [Server thread/INFO]: DEF_NOT_XRAYING[/[0:0:0:0:0:0:0:1]:57678] logged in with entity id 3855 at ([world]-5744.35437500414, 11.0, -6989.300000011921)
[11:42:24] [Async Chat Thread - #0/INFO]: <R__> WHAT[m

[11:42:29] [Async Chat Thread - #0/INFO]: <DEF_NOT_XRAYING> erm[m

[11:42:34] [Async Chat Thread - #0/INFO]: <Fyodor> what the sigma[m

[11:42:41] [Async Chat Thread - #0/INFO]: <Fyodor> gert your goofy ass out[m

[11:42:43] [Async Chat Thread - #0/INFO]: <R__> i hate[m

[11:42:48] [Async Chat Thread - #0/INFO]: <DEF_NOT_XRAYING> why are you guys on[m

[11:42:53] [Async Chat Thread - #0/INFO]: <Fyodor> ????[m

[11:42:59] [Async Chat Thread - #0/INFO]: <Fyodor> why do you think the server is on[m

[11:43:10] [Async Chat Thread - #0/INFO]: <R__> It is due to the fact that I requested for the server to be turned on[m

[11:43:11] [Server thread/INFO]: Fyodor issued server command: /back
[11:43:13] [Server thread/INFO]: R__ issued server command: /home base
[11:43:14] [Server thread/INFO]: men issued server command: /home mob
[11:43:15] [Server thread/INFO]: Fyodor issued server command: /home ranen
[11:43:20] [Server thread/INFO]: DEF_NOT_XRAYING issued server command: /homes
[11:43:32] [Async Chat Thread - #0/INFO]: <DEF_NOT_XRAYING> addiction[m

[11:43:36] [Server thread/INFO]: men issued server command: /home mob
[11:43:47] [Server thread/INFO]: R__ issued server command: /home s
[11:43:57] [Server thread/INFO]: men issued server command: /home big
[11:44:07] [Async Chat Thread - #0/INFO]: <R__> do u hate black people[m

[11:44:12] [Async Chat Thread - #0/INFO]: <DEF_NOT_XRAYING> do you?[m

[11:44:17] [Async Chat Thread - #0/INFO]: <R__> whos asking[m

[11:44:33] [Async Chat Thread - #0/INFO]: <DEF_NOT_XRAYING> you asked me first bud[m

[11:44:45] [Server thread/INFO]: men issued server command: /home mob
[11:44:50] [Async Chat Thread - #0/INFO]: <Fyodor> It depends on the person asking[m

[11:44:56] [Async Chat Thread - #0/INFO]: <Fyodor> If their black no way[m

[11:44:56] [Async Chat Thread - #0/INFO]: <DEF_NOT_XRAYING> ah[m

[11:45:36] [Craft Scheduler Thread - 6/INFO]: [Metrics] Connection refused
[11:45:40] [Async Chat Thread - #0/INFO]: <DEF_NOT_XRAYING> aight[m

[11:45:51] [Async Chat Thread - #0/INFO]: <DEF_NOT_XRAYING> time to "look" for dimons[m

[11:45:56] [Server thread/INFO]: men issued server command: /home rhys'
[11:46:01] [Async Chat Thread - #0/INFO]: <Fyodor> im exposing you[m

[11:46:04] [Async Chat Thread - #0/INFO]: <Fyodor> like Mr beast[m

[11:46:25] [Server thread/INFO]: men issued server command: /delhome mob
[11:46:27] [Server thread/INFO]: R__ issued server command: /dhome s
[11:46:29] [Server thread/INFO]: R__ issued server command: /shome s
[11:46:38] [Async Chat Thread - #0/INFO]: <DEF_NOT_XRAYING> that sucks[m

[11:46:41] [Server thread/INFO]: R__ issued server command: /home base
[11:46:47] [Async Chat Thread - #0/INFO]: <DEF_NOT_XRAYING> wait[m

[11:46:52] [Async Chat Thread - #0/INFO]: <DEF_NOT_XRAYING> exposing me for what?[m

[11:46:56] [Async Chat Thread - #0/INFO]: <DEF_NOT_XRAYING> im just mining[m

[11:48:32] [Server thread/INFO]: Fyodor issued server command: /home ranen
[11:49:10] [Async Chat Thread - #1/INFO]: <DEF_NOT_XRAYING> GOLLY GOSH[m

[11:49:18] [Async Chat Thread - #1/INFO]: <DEF_NOT_XRAYING> YOULL NEVER GUESS WHAT I JUST FOUND[m

[11:50:03] [Async Chat Thread - #1/INFO]: <DEF_NOT_XRAYING> woab[m

[11:50:28] [Server thread/INFO]: Fyodor issued server command: /tpa DEF_NOT_XRAYING
[11:50:32] [Async Chat Thread - #1/INFO]: <Fyodor> accept[m

[11:50:35] [Server thread/INFO]: R__ issued server command: /home s
[11:50:38] [Async Chat Thread - #1/INFO]: <Fyodor> bish[m

[11:50:39] [Async Chat Thread - #1/INFO]: <DEF_NOT_XRAYING> nah[m

[11:50:41] [Async Chat Thread - #1/INFO]: <Fyodor> nah[m

[11:50:45] [Async Chat Thread - #1/INFO]: <Fyodor> NAH?[m

[11:50:47] [Async Chat Thread - #1/INFO]: <Fyodor> Die[m

[11:50:49] [Async Chat Thread - #1/INFO]: <Fyodor> w8 no[m

[11:50:51] [Async Chat Thread - #1/INFO]: <Fyodor> Live[m

[11:50:55] [Server thread/INFO]: men issued server command: /home fort
[11:51:10] [Async Chat Thread - #1/INFO]: <DEF_NOT_XRAYING> bro did not just say w8 :skull:[m

[11:52:25] [Server thread/INFO]: R__ issued server command: /dhome s
[11:52:25] [Server thread/INFO]: men issued server command: /home big
[11:52:27] [Server thread/INFO]: R__ issued server command: /shome s
[11:52:29] [Server thread/INFO]: R__ issued server command: /home base
[11:53:02] [Server thread/INFO]: R__ issued server command: /home s
[11:53:03] [Async Chat Thread - #2/INFO]: <DEF_NOT_XRAYING> woab[m

[11:53:11] [Async Chat Thread - #2/INFO]: <DEF_NOT_XRAYING> maw[m

[11:53:54] [Server thread/INFO]: men issued server command: /home rhys'
[11:53:59] [Server thread/INFO]: R__ issued server command: /dhome s
[11:54:00] [Server thread/INFO]: R__ issued server command: /shome s
[11:54:03] [Server thread/INFO]: R__ issued server command: /home base
[11:54:41] [Server thread/INFO]: Fyodor issued server command: /home hoem
[11:55:11] [Server thread/INFO]: R__ issued server command: /home base
[11:55:17] [Server thread/INFO]: R__ issued server command: /home s
[11:55:19] [Server thread/INFO]: Fyodor issued server command: /home ranen
[11:55:36] [Craft Scheduler Thread - 8/INFO]: [Metrics] Connection refused
[11:57:22] [Async Chat Thread - #3/INFO]: <DEF_NOT_XRAYING> wowza[m

[11:57:57] [Async Chat Thread - #3/INFO]: <DEF_NOT_XRAYING> alrighty then, see ya fellas[m

[11:58:07] [Async Chat Thread - #3/INFO]: <R__> u can go now[m

[11:58:14] [Async Chat Thread - #3/INFO]: <DEF_NOT_XRAYING> can i?[m

[11:58:52] [Async Chat Thread - #3/INFO]: <DEF_NOT_XRAYING> thanks[m

[11:59:15] [Server thread/INFO]: DEF_NOT_XRAYING lost connection: Disconnected
[11:59:15] [Server thread/INFO]: DEF_NOT_XRAYING left the game.
[11:59:43] [Thread-13/INFO]: UUID of player Blacklock95 is 1ad7052c-e41f-31f0-8cf3-5c9d0cf176f3
[11:59:43] [Server thread/INFO]: Blacklock95[/[0:0:0:0:0:0:0:1]:40980] logged in with entity id 15628 at ([world]-220.0, 64.0, 188.0)
[11:59:52] [Thread-14/INFO]: UUID of player Goon2 is ceace1f5-eea3-3fcb-9827-771f3effe5d6
[11:59:52] [Server thread/INFO]: Goon2[/[0:0:0:0:0:0:0:1]:44228] logged in with entity id 15886 at ([world]-220.0, 64.0, 188.0)
[11:59:52] [Craft Scheduler Thread - 10/WARN]: [LoginSecurity] Failed to set inventory id in profile
[11:59:52] [Server thread/ERROR]: [LoginSecurity] Failed to save player location
java.sql.SQLException: Failed set location id in profile
	at com.lenis0012.bukkit.loginsecurity.database.LocationRepository.insertLoginLocationBlocking(LocationRepository.java:57) ~[?:?]
	at com.lenis0012.bukkit.loginsecurity.database.LocationRepository.lambda$insertLoginLocation$0(LocationRepository.java:26) ~[?:?]
	at org.bukkit.craftbukkit.v1_8_R3.scheduler.CraftTask.run(CraftTask.java:59) ~[patched_1.8.8.jar:git-PaperSpigot-445]
	at org.bukkit.craftbukkit.v1_8_R3.scheduler.CraftAsyncTask.run(CraftAsyncTask.java:53) ~[patched_1.8.8.jar:git-PaperSpigot-445]
	at org.github.paperspigot.ServerSchedulerReportingWrapper.run(ServerSchedulerReportingWrapper.java:23) ~[patched_1.8.8.jar:git-PaperSpigot-445]
	at java.util.concurrent.ThreadPoolExecutor.runWorker(ThreadPoolExecutor.java:1144) ~[?:?]
	at java.util.concurrent.ThreadPoolExecutor$Worker.run(ThreadPoolExecutor.java:642) ~[?:?]
	at java.lang.Thread.run(Thread.java:1583) [?:?]
[12:00:10] [Async Chat Thread - #4/INFO]: <Fyodor> Darren is that U?[m

[12:00:12] [Server thread/INFO]: Goon2 lost connection: Disconnected
[12:00:12] [Server thread/INFO]: Goon2 left the game.
[12:00:14] [Thread-15/INFO]: UUID of player Goon2 is ceace1f5-eea3-3fcb-9827-771f3effe5d6
[12:00:15] [Server thread/INFO]: Goon2[/[0:0:0:0:0:0:0:1]:53024] logged in with entity id 16333 at ([world]-222.5, 80.0, 190.5)
[12:01:00] [Server thread/INFO]: Goon2 issued server command: /tpa Fyodor
[12:01:10] [Server thread/INFO]: Fyodor issued server command: /tpaccept
[12:01:16] [Server thread/INFO]: Goon2 was slain by Fyodor
[12:01:19] [Server thread/INFO]: R__ issued server command: /dhome s
[12:01:21] [Server thread/INFO]: R__ issued server command: /shome s
[12:01:23] [Server thread/INFO]: R__ issued server command: /home base
[12:01:31] [Server thread/INFO]: R__ issued server command: /back
[12:01:33] [Server thread/INFO]: R__ issued server command: /back
[12:01:35] [Server thread/INFO]: R__ issued server command: /home s
[12:01:39] [Async Chat Thread - #5/INFO]: <Goon2> tut tut[m

[12:01:43] [Server thread/INFO]: R__ issued server command: /home base
[12:01:45] [Server thread/INFO]: Goon2 issued server command: /back
[12:01:50] [Async Chat Thread - #5/INFO]: <Fyodor> whO/[m

[12:01:53] [Async Chat Thread - #5/INFO]: <R__> ( . v . )[m

[12:02:00] [Async Chat Thread - #5/INFO]: <R__> booba[m

[12:02:23] [Server thread/INFO]: Fyodor issued server command: /home ranen
[12:02:36] [Server thread/INFO]: Goon2 issued server command: /tpa Fyodor
[12:02:37] [Server thread/INFO]: R__ issued server command: /home s
[12:03:24] [Server thread/INFO]: Goon2 issued server command: /kill
[12:03:25] [Server thread/INFO]: R__ issued server command: /home base
[12:03:27] [Server thread/INFO]: Goon2 issued server command: /back
[12:03:37] [Async Chat Thread - #6/INFO]: <Goon2> end me[m

[12:04:55] [Async Chat Thread - #7/INFO]: <Goon2> check out this 360[m

[12:05:02] [Server thread/INFO]: Goon2 hit the ground too hard
[12:05:07] [Server thread/INFO]: R__ issued server command: /home base
[12:05:10] [Async Chat Thread - #7/INFO]: <Fyodor> lol[m

[12:05:13] [Async Chat Thread - #7/INFO]: <Fyodor> find me at spawn[m

[12:05:16] [Async Chat Thread - #7/INFO]: <Fyodor> surely[m

[12:05:17] [Async Chat Thread - #7/INFO]: <Fyodor> goon[m

[12:05:22] [Server thread/INFO]: Fyodor issued server command: /home spawn
[12:05:36] [Craft Scheduler Thread - 13/INFO]: [Metrics] Connection refused
[12:05:42] [Server thread/INFO]: Fyodor lost connection: Disconnected
[12:05:42] [Server thread/INFO]: Fyodor left the game.
[12:05:51] [Async Chat Thread - #7/INFO]: <Goon2> ono[m

[12:06:10] [Thread-16/INFO]: UUID of player Fyodor is f19da288-b52c-3069-be6d-7c582de4cd85
[12:06:10] [Server thread/INFO]: Fyodor[/[0:0:0:0:0:0:0:1]:60050] logged in with entity id 19942 at ([world]-220.0, 64.0, 188.0)
[12:06:34] [Async Chat Thread - #7/INFO]: <Fyodor> come[m

[12:06:37] [Async Chat Thread - #7/INFO]: <Fyodor> into the unknown[m

[12:06:45] [Async Chat Thread - #7/INFO]: <Fyodor> I will give you this sword[m

[12:06:49] [Server thread/INFO]: Goon2 was slain by Fyodor
[12:06:51] [Server thread/INFO]: R__ issued server command: /home s
[12:06:52] [Async Chat Thread - #7/INFO]: <Fyodor> fuck you kid[m

[12:06:54] [Server thread/INFO]: Goon2 issued server command: /bac
[12:06:57] [Server thread/INFO]: Goon2 issued server command: /back
[12:07:03] [Async Chat Thread - #7/INFO]: <Blacklock95> what the fuck is happening[m

[12:07:08] [Async Chat Thread - #7/INFO]: <Fyodor> stfu[m

[12:07:14] [Async Chat Thread - #7/INFO]: <Fyodor> your not included[m

[12:07:15] [Async Chat Thread - #7/INFO]: <Goon2> yeah bud[m

[12:07:19] [Async Chat Thread - #7/INFO]: <Goon2> kys[m

[12:07:25] [Async Chat Thread - #7/INFO]: <Blacklock95> shut the fuck up[m

[12:07:34] [Async Chat Thread - #7/INFO]: <Blacklock95> let me mine in peace[m

[12:07:41] [Async Chat Thread - #7/INFO]: <Fyodor> stop typing[m

[12:07:46] [Async Chat Thread - #7/INFO]: <Goon2> i think bros xraying[m

[12:07:47] [Async Chat Thread - #7/INFO]: <Fyodor> keyboard warrior[m

[12:07:47] [Async Chat Thread - #7/INFO]: <R__> i hope ur erectile start disfunctioning[m

[12:07:50] [Async Chat Thread - #7/INFO]: <Fyodor> give it a rest[m

[12:07:54] [Async Chat Thread - #7/INFO]: <Blacklock95> you stop typing[m

[12:07:58] [Async Chat Thread - #7/INFO]: <Blacklock95> kids these days[m

[12:08:04] [Async Chat Thread - #7/INFO]: <Fyodor> bro your 6[m

[12:08:10] [Async Chat Thread - #7/INFO]: <Fyodor> I know cause I know your mum[m

[12:08:14] [Async Chat Thread - #7/INFO]: <Fyodor> on a friend level[m

[12:08:22] [Async Chat Thread - #7/INFO]: <Fyodor> she is very nice[m

[12:08:23] [Server thread/WARN]: Wrong location for EntityChicken['Chicken'/21512, l='world_nether', x=-2575.96, y=11.00, z=1433.49] in world 'world_nether'!
[12:08:23] [Server thread/WARN]: Entity is at -2575.958583998838,1433.4943324973176 (chunk -161,89) but was stored in chunk -162,89
[12:08:24] [Async Chat Thread - #7/INFO]: <Blacklock95> blah blah blah[m

[12:08:25] [Async Chat Thread - #7/INFO]: <Fyodor> :)[m

[12:08:35] [Async Chat Thread - #7/INFO]: <Fyodor> LOL[m

[12:08:35] [Server thread/INFO]: Goon2 fell from a high place
[12:08:37] [Async Chat Thread - #7/INFO]: <Fyodor> !!!![m

[12:08:39] [Async Chat Thread - #7/INFO]: <Goon2> EEEEEEEEEEEEEZZZZZZZZZZZZZZZZZZZZZZZZZZZZ[m

[12:08:40] [Async Chat Thread - #7/INFO]: <Goon2> EEEEEEEEEEEEEZZZZZZZZZZZZZZZZZZZZZZZZZZZZ[m

[12:08:41] [Async Chat Thread - #7/INFO]: <Goon2> EEEEEEEEEEEEEZZZZZZZZZZZZZZZZZZZZZZZZZZZZ[m

[12:08:41] [Async Chat Thread - #7/INFO]: <Goon2> EEEEEEEEEEEEEZZZZZZZZZZZZZZZZZZZZZZZZZZZZ[m

[12:08:42] [Async Chat Thread - #7/INFO]: <R__> tard[m

[12:08:42] [Async Chat Thread - #7/INFO]: <Goon2> EEEEEEEEEEEEEZZZZZZZZZZZZZZZZZZZZZZZZZZZZ[m

[12:08:43] [Async Chat Thread - #7/INFO]: <Goon2> EEEEEEEEEEEEEZZZZZZZZZZZZZZZZZZZZZZZZZZZZ/[m

[12:08:44] [Async Chat Thread - #7/INFO]: <Goon2> EEEEEEEEEEEEEZZZZZZZZZZZZZZZZZZZZZZZZZZZZ/[m

[12:08:44] [Async Chat Thread - #7/INFO]: <Goon2> EEEEEEEEEEEEEZZZZZZZZZZZZZZZZZZZZZZZZZZZZ/[m

[12:08:45] [Async Chat Thread - #7/INFO]: <Goon2> EEEEEEEEEEEEEZZZZZZZZZZZZZZZZZZZZZZZZZZZZ/[m

[12:08:48] [Async Chat Thread - #7/INFO]: <Blacklock95> skill issue[m

[12:09:20] [Server thread/INFO]: Goon2 issued server command: /tpa Blacklock95
[12:09:35] [Async Chat Thread - #7/INFO]: <Blacklock95> give up buddy im not ganna accept[m

[12:09:39] [Server thread/INFO]: Goon2 issued server command: /tpa Blacklock95
[12:09:41] [Server thread/INFO]: Goon2 issued server command: /tpa Blacklock95
[12:09:43] [Async Chat Thread - #7/INFO]: <Fyodor> gonna*[m

[12:09:51] [Server thread/INFO]: Goon2 issued server command: /tpcancel Blacklock95
[12:09:53] [Server thread/INFO]: Goon2 issued server command: /tpa Blacklock95
[12:09:55] [Server thread/INFO]: Goon2 issued server command: /tpcancel Blacklock95
[12:09:55] [Server thread/INFO]: Goon2 issued server command: /tpa Blacklock95
[12:09:56] [Server thread/INFO]: Goon2 issued server command: /tpcancel Blacklock95
[12:09:57] [Server thread/INFO]: Goon2 issued server command: /tpa Blacklock95/
[12:09:57] [Server thread/INFO]: Fyodor issued server command: /home hoem
[12:10:00] [Server thread/INFO]: Goon2 issued server command: /tpa Blacklock95
[12:10:02] [Server thread/INFO]: Goon2 issued server command: /tpcancel Blacklock95
[12:10:04] [Server thread/INFO]: Goon2 issued server command: /tpa Blacklock95
[12:10:05] [Server thread/INFO]: Goon2 issued server command: /tpcancel Blacklock95
[12:10:06] [Server thread/INFO]: Goon2 issued server command: /tpa Blacklock95
[12:10:07] [Server thread/INFO]: Goon2 issued server command: /tpcancel Blacklock95
[12:10:08] [Server thread/INFO]: Goon2 issued server command: /tpa Blacklock95
[12:10:09] [Server thread/INFO]: Fyodor issued server command: /home ranen
[12:10:09] [Server thread/INFO]: Goon2 issued server command: /tpcancel Blacklock95
[12:10:11] [Server thread/INFO]: Goon2 issued server command: /tpa Blacklock95
[12:10:12] [Server thread/INFO]: Blacklock95 issued server command: /chill calm down
[12:10:13] [Server thread/INFO]: Goon2 issued server command: /tpcancel Blacklock95
[12:10:14] [Server thread/INFO]: Goon2 issued server command: /tpa Blacklock95
[12:10:15] [Server thread/INFO]: Goon2 issued server command: /tpcancel Blacklock95
[12:10:15] [Server thread/INFO]: Goon2 issued server command: /tpa Blacklock95
[12:10:17] [Server thread/INFO]: Goon2 issued server command: /tpcancel Blacklock95
[12:10:17] [Server thread/INFO]: Goon2 issued server command: /tpa Blacklock95
[12:10:18] [Server thread/INFO]: Goon2 issued server command: /tpcancel Blacklock95
[12:10:19] [Server thread/INFO]: Goon2 issued server command: /tpa Blacklock95
[12:10:19] [Async Chat Thread - #7/INFO]: <Blacklock95> chill calm down[m

[12:10:20] [Server thread/INFO]: Goon2 issued server command: /tpcancel Blacklock95
[12:10:20] [Server thread/INFO]: Goon2 issued server command: /tpa Blacklock95
[12:10:21] [Server thread/INFO]: Goon2 issued server command: /tpcancel Blacklock95
[12:10:22] [Server thread/INFO]: Goon2 issued server command: /tpa Blacklock95
[12:10:23] [Server thread/INFO]: Goon2 issued server command: /tpcancel Blacklock95
[12:10:24] [Server thread/INFO]: Goon2 issued server command: /tpa Blacklock95
[12:10:24] [Server thread/INFO]: Goon2 issued server command: /tpcancel Blacklock95
[12:10:25] [Server thread/INFO]: Goon2 issued server command: /tpa Blacklock95
[12:10:26] [Server thread/INFO]: Goon2 issued server command: /tpcancel Blacklock95
[12:10:26] [Server thread/INFO]: Goon2 issued server command: /tpa Blacklock95
[12:10:27] [Server thread/INFO]: Goon2 issued server command: /tpcancel Blacklock95
[12:10:29] [Server thread/INFO]: Goon2 issued server command: /tpa Blacklock95
[12:10:31] [Server thread/INFO]: Goon2 issued server command: /tpcancel Blacklock95
[12:10:36] [Async Chat Thread - #7/INFO]: <Goon2> TPA ME[m

[12:10:38] [Async Chat Thread - #7/INFO]: <Goon2> NOW[m

[12:10:42] [Server thread/INFO]: Goon2 issued server command: /tpa Blacklock95
[12:10:44] [Async Chat Thread - #7/INFO]: <Blacklock95> why[m

[12:10:48] [Server thread/INFO]: R__ issued server command: /dhome s
[12:10:48] [Server thread/INFO]: Goon2 issued server command: /tpcancel Blacklock95
[12:10:50] [Server thread/INFO]: Goon2 issued server command: /tpa Blacklock95
[12:10:50] [Server thread/INFO]: R__ issued server command: /shome s
[12:10:51] [Async Chat Thread - #7/INFO]: <Goon2> coz[m

[12:10:53] [Server thread/INFO]: R__ issued server command: /home base
[12:10:56] [Async Chat Thread - #7/INFO]: <Goon2> coz[m

[12:10:57] [Async Chat Thread - #7/INFO]: <Blacklock95> yeah[m

[12:10:59] [Server thread/INFO]: Goon2 issued server command: /tpa Blacklock95
[12:11:02] [Server thread/INFO]: Goon2 issued server command: /tpa Blacklock95
[12:11:10] [Server thread/INFO]: Fyodor issued server command: /home nether
[12:11:19] [Async Chat Thread - #7/INFO]: <Blacklock95> good night kids[m

[12:11:24] [Server thread/INFO]: Blacklock95 lost connection: Disconnected
[12:11:24] [Server thread/INFO]: Blacklock95 left the game.
[12:11:25] [Async Chat Thread - #7/INFO]: <Goon2> i will milk you[m

[12:11:35] [Server thread/INFO]: Goon2 has just earned the achievement [Taking Inventory]
[12:11:53] [Server thread/INFO]: Fyodor issued server command: /home hoem
[12:12:18] [Server thread/INFO]: Goon2 has just earned the achievement [Getting Wood]
[12:12:51] [Server thread/INFO]: Goon2 issued server command: /sethome def
[12:12:57] [Server thread/INFO]: Goon2 issued server command: /delhome def
[12:13:01] [Server thread/INFO]: Goon2 issued server command: /sethome d
[12:13:04] [Server thread/INFO]: Goon2 fell from a high place
[12:13:07] [Server thread/INFO]: Goon2 issued server command: /home d
[12:13:16] [Server thread/INFO]: Goon2 fell from a high place
[12:13:19] [Server thread/INFO]: Goon2 issued server command: /
[12:13:21] [Server thread/INFO]: Goon2 issued server command: /
[12:13:24] [Server thread/INFO]: Goon2 issued server command: /home d
[12:13:33] [Server thread/INFO]: Goon2 fell from a high place
