[02:56:38] [main/INFO]: Using mbed TLS based native cipher.
[02:56:38] [main/INFO]: Using zlib based native compressor.
[02:56:38] [main/INFO]: Enabled Waterfall version git:Waterfall-Bootstrap:1.19-R0.1-SNAPSHOT:f6069e2:513
[02:56:38] [main/INFO]: Not on Windows, attempting to use enhanced EpollEventLoop
[02:56:38] [main/INFO]: Epoll is working, utilising it!
[02:56:38] [main/INFO]: Discovered module: ModuleSpec(name=cmd_alert, file=modules/cmd_alert.jar, provider=JenkinsModuleSource())
[02:56:38] [main/INFO]: Discovered module: ModuleSpec(name=cmd_find, file=modules/cmd_find.jar, provider=JenkinsModuleSource())
[02:56:38] [main/INFO]: Discovered module: ModuleSpec(name=cmd_list, file=modules/cmd_list.jar, provider=JenkinsModuleSource())
[02:56:38] [main/INFO]: Discovered module: ModuleSpec(name=cmd_send, file=modules/cmd_send.jar, provider=JenkinsModuleSource())
[02:56:38] [main/INFO]: Discovered module: ModuleSpec(name=cmd_server, file=modules/cmd_server.jar, provider=JenkinsModuleSource())
[02:56:38] [main/INFO]: Discovered module: ModuleSpec(name=reconnect_yaml, file=modules/reconnect_yaml.jar, provider=JenkinsModuleSource())
[02:56:39] [main/INFO]: Loaded plugin reconnect_yaml version git:reconnect_yaml:1.19-R0.1-SNAPSHOT:f6069e2:513 by WaterfallMC
[02:56:39] [main/INFO]: Loaded plugin cmd_find version git:cmd_find:1.19-R0.1-SNAPSHOT:f6069e2:513 by WaterfallMC
[02:56:39] [main/INFO]: Loaded plugin cmd_server version git:cmd_server:1.19-R0.1-SNAPSHOT:f6069e2:513 by WaterfallMC
[02:56:39] [main/INFO]: Loaded plugin cmd_alert version git:cmd_alert:1.19-R0.1-SNAPSHOT:f6069e2:513 by WaterfallMC
[02:56:39] [main/INFO]: Loaded plugin cmd_send version git:cmd_send:1.19-R0.1-SNAPSHOT:f6069e2:513 by WaterfallMC
[02:56:39] [main/INFO]: Loaded plugin cmd_list version git:cmd_list:1.19-R0.1-SNAPSHOT:f6069e2:513 by WaterfallMC
[02:56:39] [main/WARN]: :>:>:>:>:>:>:>:>:>:>:>:>:>:>:>:>:>:>:>:>:>:>:>
[02:56:39] [main/WARN]: :>  
[02:56:39] [main/WARN]: :>      EAGLERCRAFTXBUNGEE WARNING:
[02:56:39] [main/WARN]: :>  
[02:56:39] [main/WARN]: :>  This plugin wasn't tested to be 'working'
[02:56:39] [main/WARN]: :>  with ANY version of BungeeCord (and forks)
[02:56:39] [main/WARN]: :>  apart from the versions listed below:
[02:56:39] [main/WARN]: :>  
[02:56:39] [main/WARN]: :>  - BungeeCord: 1.20-R0.3-SNAPSHOT:eda268b:1797
[02:56:39] [main/WARN]: :>  - Waterfall: 1.20-R0.2-SNAPSHOT:92b5149:562
[02:56:39] [main/WARN]: :>  - FlameCord: 1.1.1
[02:56:39] [main/WARN]: :>  
[02:56:39] [main/WARN]: :>  This is not a Bukkit/Spigot plugin!
[02:56:39] [main/WARN]: :>  
[02:56:39] [main/WARN]: :>  Use "-Deaglerxbungee.stfu=true" to hide
[02:56:39] [main/WARN]: :>  
[02:56:39] [main/WARN]: :>:>:>:>:>:>:>:>:>:>:>:>:>:>:>:>:>:>:>:>:>:>:>
[02:56:39] [main/INFO] [EaglercraftXBungee]: Loading vanilla profile: lax1dude
[02:56:41] [Skin Download Thread #1/INFO] [EaglercraftXBungee]: Loaded vanilla profile: lax1dude
[02:56:41] [main/INFO]: Loaded plugin EaglercraftXBungee version 1.0.10 by lax1dude
[02:56:41] [main/WARN]: Forced host server pvp is not defined
[02:56:41] [main/INFO]: Enabled plugin reconnect_yaml version git:reconnect_yaml:1.19-R0.1-SNAPSHOT:f6069e2:513 by WaterfallMC
[02:56:41] [main/INFO]: Enabled plugin cmd_find version git:cmd_find:1.19-R0.1-SNAPSHOT:f6069e2:513 by WaterfallMC
[02:56:41] [main/INFO]: Enabled plugin cmd_server version git:cmd_server:1.19-R0.1-SNAPSHOT:f6069e2:513 by WaterfallMC
[02:56:41] [main/INFO]: Enabled plugin cmd_alert version git:cmd_alert:1.19-R0.1-SNAPSHOT:f6069e2:513 by WaterfallMC
[02:56:41] [main/INFO]: Enabled plugin cmd_send version git:cmd_send:1.19-R0.1-SNAPSHOT:f6069e2:513 by WaterfallMC
[02:56:41] [main/INFO]: Enabled plugin cmd_list version git:cmd_list:1.19-R0.1-SNAPSHOT:f6069e2:513 by WaterfallMC
[02:56:41] [main/ERROR] [EaglercraftXBungee]: Online mode is set to false! Authentication system has been disabled
[02:56:41] [Netty Worker IO Thread #0/INFO] [EaglercraftXBungee]: Eaglercraft is listening on: /0.0.0.0:8081
[02:56:41] [main/INFO] [EaglercraftXBungee]: Connected to database: jdbc:sqlite:eaglercraft_skins_cache.db
[02:56:41] [main/INFO]: Enabled plugin EaglercraftXBungee version 1.0.10 by lax1dude
[02:56:41] [Netty Boss IO Thread #0/INFO]: Listening on /127.0.0.1:25577
[02:56:42] [EaglerXBungee: Network Tick Tasks/INFO] [EaglercraftXBungee]: Loaded certificate: /workspaces/server-test/bungee/plugins/EaglercraftXBungee/eagcert/$dl.5b2a44263e75935c207f92555fb26054d13253b8.cert
[02:56:44] [Netty Worker IO Thread #1/WARN] [EaglercraftXBungee]: Server icon is not a file: /workspaces/server-test/bungee/server-icon.png
[02:56:46] [Netty Worker IO Thread #2/INFO] [EaglercraftXBungee]: [/[0:0:0:0:0:0:0:1%0]:50084]: Connected via websocket
[02:56:46] [Netty Worker IO Thread #2/INFO] [EaglercraftXBungee]: [/[0:0:0:0:0:0:0:1%0]:50084]: Origin header is https://eaglercraft-archive.github.io
[02:56:46] [Netty Worker IO Thread #2/INFO] [EaglercraftXBungee]: [/[0:0:0:0:0:0:0:1%0]:50084]: Logged in as 'allahu_akbar'
[02:56:47] [Netty Worker IO Thread #2/INFO]: [/[0:0:0:0:0:0:0:1%0]:50084|allahu_akbar] -> UpstreamBridge has connected
[02:56:47] [Netty Worker IO Thread #2/WARN]: Event LoginEvent(cancelled=false, cancelReasonComponents=null, loginResult=null, connection=[/[0:0:0:0:0:0:0:1%0]:50084|allahu_akbar] <-> InitialHandler) took 261ms to process!
[02:56:47] [Netty Worker IO Thread #2/WARN]: Event PreLoginEvent(cancelled=false, cancelReasonComponents=null, connection=[/[0:0:0:0:0:0:0:1%0]:50084|allahu_akbar] <-> InitialHandler) took 263ms to process!
[02:56:47] [Netty Worker IO Thread #2/WARN]: Error occurred processing connection for allahu_akbar AnnotatedConnectException : finishConnect(..) failed: Connection refused: localhost/127.0.0.1:25565
[02:56:47] [Netty Worker IO Thread #2/INFO]: [allahu_akbar] disconnected with: Could not connect to a default or fallback server. Incorrectly configured address/port/firewall? 
[02:56:47] [Netty Worker IO Thread #2/INFO]: [/[0:0:0:0:0:0:0:1%0]:50084|allahu_akbar] -> UpstreamBridge has disconnected
[02:57:19] [Netty Worker IO Thread #0/INFO] [EaglercraftXBungee]: [/[0:0:0:0:0:0:0:1%0]:48332]: Connected via websocket
[02:57:19] [Netty Worker IO Thread #0/INFO] [EaglercraftXBungee]: [/[0:0:0:0:0:0:0:1%0]:48332]: Origin header is https://elephantkid.github.io
[02:57:19] [Netty Worker IO Thread #0/INFO] [EaglercraftXBungee]: [/[0:0:0:0:0:0:0:1%0]:48332]: Logged in as 'Destructive_Bob'
[02:57:19] [Netty Worker IO Thread #0/INFO]: [/[0:0:0:0:0:0:0:1%0]:48332|Destructive_Bob] -> UpstreamBridge has connected
[02:57:19] [Netty Worker IO Thread #0/INFO]: [Destructive_Bob|/[0:0:0:0:0:0:0:1%0]:48332] <-> ServerConnector [lobby] has connected
[02:57:22] [Netty Worker IO Thread #2/INFO] [EaglercraftXBungee]: [/[0:0:0:0:0:0:0:1%0]:42914]: Connected via websocket
[02:57:22] [Netty Worker IO Thread #2/INFO] [EaglercraftXBungee]: [/[0:0:0:0:0:0:0:1%0]:42914]: Origin header is https://eaglercraft-archive.github.io
[02:57:22] [Netty Worker IO Thread #2/INFO] [EaglercraftXBungee]: [/[0:0:0:0:0:0:0:1%0]:42914]: Logged in as 'allahu_akbar'
[02:57:22] [Netty Worker IO Thread #2/INFO]: [/[0:0:0:0:0:0:0:1%0]:42914|allahu_akbar] -> UpstreamBridge has connected
[02:57:22] [Netty Worker IO Thread #2/INFO]: [allahu_akbar|/[0:0:0:0:0:0:0:1%0]:42914] <-> ServerConnector [lobby] has connected
[02:57:28] [Netty Worker IO Thread #0/INFO]: [/[0:0:0:0:0:0:0:1%0]:48332|Destructive_Bob] -> UpstreamBridge has disconnected
[02:57:28] [Netty Worker IO Thread #0/INFO]: [Destructive_Bob] disconnected with: Proxy lost connection to server.
[02:57:28] [Netty Worker IO Thread #0/INFO]: [/[0:0:0:0:0:0:0:1%0]:48332|Destructive_Bob] <-> DownstreamBridge <-> [lobby] has disconnected
[02:58:39] [Netty Worker IO Thread #3/INFO] [EaglercraftXBungee]: [/[0:0:0:0:0:0:0:1%0]:36066]: Connected via websocket
[02:58:39] [Netty Worker IO Thread #3/INFO] [EaglercraftXBungee]: [/[0:0:0:0:0:0:0:1%0]:36066]: Origin header is https://eaglercraft-archive.github.io
[02:58:39] [Netty Worker IO Thread #3/INFO] [EaglercraftXBungee]: [/[0:0:0:0:0:0:0:1%0]:36066]: Logged in as '________________'
[02:58:39] [Netty Worker IO Thread #3/INFO]: [/[0:0:0:0:0:0:0:1%0]:36066|________________] -> UpstreamBridge has connected
[02:58:39] [Netty Worker IO Thread #3/INFO]: [________________|/[0:0:0:0:0:0:0:1%0]:36066] <-> ServerConnector [lobby] has connected
[02:58:41] [Netty Worker IO Thread #3/INFO]: [/[0:0:0:0:0:0:0:1%0]:36066|________________] -> UpstreamBridge has disconnected
[02:58:41] [Netty Worker IO Thread #3/INFO]: [________________] disconnected with: Proxy lost connection to server.
[02:58:41] [Netty Worker IO Thread #3/INFO]: [/[0:0:0:0:0:0:0:1%0]:36066|________________] <-> DownstreamBridge <-> [lobby] has disconnected
[02:58:44] [Netty Worker IO Thread #0/INFO] [EaglercraftXBungee]: [/[0:0:0:0:0:0:0:1%0]:59958]: Connected via websocket
[02:58:44] [Netty Worker IO Thread #0/INFO] [EaglercraftXBungee]: [/[0:0:0:0:0:0:0:1%0]:59958]: Origin header is https://eaglercraft-archive.github.io
[02:58:44] [Netty Worker IO Thread #0/INFO] [EaglercraftXBungee]: [/[0:0:0:0:0:0:0:1%0]:59958]: Logged in as '________________'
[02:58:44] [Netty Worker IO Thread #0/INFO]: [/[0:0:0:0:0:0:0:1%0]:59958|________________] -> UpstreamBridge has connected
[02:58:44] [Netty Worker IO Thread #0/INFO]: [________________|/[0:0:0:0:0:0:0:1%0]:59958] <-> ServerConnector [lobby] has connected
[02:58:45] [Netty Worker IO Thread #0/INFO]: [/[0:0:0:0:0:0:0:1%0]:59958|________________] -> UpstreamBridge has disconnected
[02:58:45] [Netty Worker IO Thread #0/INFO]: [________________] disconnected with: Proxy lost connection to server.
[02:58:45] [Netty Worker IO Thread #0/INFO]: [/[0:0:0:0:0:0:0:1%0]:59958|________________] <-> DownstreamBridge <-> [lobby] has disconnected
[02:58:47] [Netty Worker IO Thread #2/INFO]: [/[0:0:0:0:0:0:0:1%0]:42914|allahu_akbar] -> UpstreamBridge has disconnected
[02:58:47] [Netty Worker IO Thread #2/INFO]: [allahu_akbar] disconnected with: Proxy lost connection to server.
[02:58:47] [Netty Worker IO Thread #2/INFO]: [/[0:0:0:0:0:0:0:1%0]:42914|allahu_akbar] <-> DownstreamBridge <-> [lobby] has disconnected
[02:58:48] [Netty Worker IO Thread #1/INFO] [EaglercraftXBungee]: [/[0:0:0:0:0:0:0:1%0]:59966]: Connected via websocket
[02:58:48] [Netty Worker IO Thread #1/INFO] [EaglercraftXBungee]: [/[0:0:0:0:0:0:0:1%0]:59966]: Origin header is https://eaglercraft-archive.github.io
[02:58:48] [Netty Worker IO Thread #1/INFO] [EaglercraftXBungee]: [/[0:0:0:0:0:0:0:1%0]:59966]: Logged in as '________________'
[02:58:48] [Netty Worker IO Thread #1/INFO]: [/[0:0:0:0:0:0:0:1%0]:59966|________________] -> UpstreamBridge has connected
[02:58:48] [Netty Worker IO Thread #1/INFO]: [________________|/[0:0:0:0:0:0:0:1%0]:59966] <-> ServerConnector [lobby] has connected
[02:59:22] [Netty Worker IO Thread #3/INFO] [EaglercraftXBungee]: [/[0:0:0:0:0:0:0:1%0]:53814]: Connected via websocket
[02:59:22] [Netty Worker IO Thread #3/INFO] [EaglercraftXBungee]: [/[0:0:0:0:0:0:0:1%0]:53814]: Origin header is https://eaglercraft-archive.github.io
[02:59:22] [Netty Worker IO Thread #3/INFO] [EaglercraftXBungee]: [/[0:0:0:0:0:0:0:1%0]:53814]: Logged in as 'allahu_akbar'
[02:59:22] [Netty Worker IO Thread #3/INFO]: [/[0:0:0:0:0:0:0:1%0]:53814|allahu_akbar] -> UpstreamBridge has connected
[02:59:22] [Netty Worker IO Thread #3/INFO]: [allahu_akbar|/[0:0:0:0:0:0:0:1%0]:53814] <-> ServerConnector [lobby] has connected
[03:02:21] [Netty Worker IO Thread #2/INFO] [EaglercraftXBungee]: [/[0:0:0:0:0:0:0:1%0]:53232]: Connected via websocket
[03:02:21] [Netty Worker IO Thread #2/INFO] [EaglercraftXBungee]: [/[0:0:0:0:0:0:0:1%0]:53232]: Origin header is https://elephantkid.github.io
[03:02:21] [Netty Worker IO Thread #2/INFO] [EaglercraftXBungee]: [/[0:0:0:0:0:0:0:1%0]:53232]: Logged in as 'AusAir'
[03:02:21] [Netty Worker IO Thread #2/INFO]: [/[0:0:0:0:0:0:0:1%0]:53232|AusAir] -> UpstreamBridge has connected
[03:02:21] [Netty Worker IO Thread #2/INFO]: [AusAir|/[0:0:0:0:0:0:0:1%0]:53232] <-> ServerConnector [lobby] has connected
[03:02:38] [Netty Worker IO Thread #1/INFO] [EaglercraftXBungee]: [/[0:0:0:0:0:0:0:1%0]:50420]: Connected via websocket
[03:02:38] [Netty Worker IO Thread #1/INFO] [EaglercraftXBungee]: [/[0:0:0:0:0:0:0:1%0]:50420]: Origin header is https://eaglercraft-archive.github.io
[03:03:16] [Netty Worker IO Thread #3/INFO]: [/[0:0:0:0:0:0:0:1%0]:53814|allahu_akbar] -> UpstreamBridge has disconnected
[03:03:16] [Netty Worker IO Thread #3/INFO]: [allahu_akbar] disconnected with: Proxy lost connection to server.
[03:03:16] [Netty Worker IO Thread #3/INFO]: [/[0:0:0:0:0:0:0:1%0]:53814|allahu_akbar] <-> DownstreamBridge <-> [lobby] has disconnected
[03:04:09] [Netty Worker IO Thread #2/INFO] [EaglercraftXBungee]: [/[0:0:0:0:0:0:0:1%0]:42576]: Connected via websocket
[03:04:09] [Netty Worker IO Thread #2/INFO] [EaglercraftXBungee]: [/[0:0:0:0:0:0:0:1%0]:42576]: Origin header is https://elephantkid.github.io
[03:04:09] [Netty Worker IO Thread #2/INFO] [EaglercraftXBungee]: [/[0:0:0:0:0:0:0:1%0]:42576]: Logged in as 'BigDickPerson'
[03:04:09] [Netty Worker IO Thread #2/INFO]: [/[0:0:0:0:0:0:0:1%0]:42576|BigDickPerson] -> UpstreamBridge has connected
[03:04:09] [Netty Worker IO Thread #2/INFO]: [BigDickPerson|/[0:0:0:0:0:0:0:1%0]:42576] <-> ServerConnector [lobby] has connected
[03:05:26] [Netty Worker IO Thread #3/INFO] [EaglercraftXBungee]: [/[0:0:0:0:0:0:0:1%0]:39752]: Connected via websocket
[03:05:26] [Netty Worker IO Thread #3/INFO] [EaglercraftXBungee]: [/[0:0:0:0:0:0:0:1%0]:39752]: Origin header is https://eaglercraft-archive.github.io
[03:05:27] [Netty Worker IO Thread #3/INFO] [EaglercraftXBungee]: [/[0:0:0:0:0:0:0:1%0]:39752]: Logged in as 'Mr_Hugs'
[03:05:27] [Netty Worker IO Thread #3/INFO]: [/[0:0:0:0:0:0:0:1%0]:39752|Mr_Hugs] -> UpstreamBridge has connected
[03:05:27] [Netty Worker IO Thread #3/INFO]: [Mr_Hugs|/[0:0:0:0:0:0:0:1%0]:39752] <-> ServerConnector [lobby] has connected
[03:05:46] [Netty Worker IO Thread #3/INFO]: [/[0:0:0:0:0:0:0:1%0]:39752|Mr_Hugs] -> UpstreamBridge has disconnected
[03:05:46] [Netty Worker IO Thread #3/INFO]: [Mr_Hugs] disconnected with: Proxy lost connection to server.
[03:05:46] [Netty Worker IO Thread #3/INFO]: [/[0:0:0:0:0:0:0:1%0]:39752|Mr_Hugs] <-> DownstreamBridge <-> [lobby] has disconnected
[03:05:55] [Netty Worker IO Thread #2/INFO] [EaglercraftXBungee]: [/[0:0:0:0:0:0:0:1%0]:47680]: Connected via websocket
[03:05:55] [Netty Worker IO Thread #2/INFO] [EaglercraftXBungee]: [/[0:0:0:0:0:0:0:1%0]:47680]: Origin header is https://eaglercraft-archive.github.io
[03:05:55] [Netty Worker IO Thread #2/INFO] [EaglercraftXBungee]: [/[0:0:0:0:0:0:0:1%0]:47680]: Logged in as 'Mr_Hugs'
[03:05:55] [Netty Worker IO Thread #2/INFO]: [/[0:0:0:0:0:0:0:1%0]:47680|Mr_Hugs] -> UpstreamBridge has connected
[03:05:55] [Netty Worker IO Thread #2/INFO]: [Mr_Hugs|/[0:0:0:0:0:0:0:1%0]:47680] <-> ServerConnector [lobby] has connected
[03:05:59] [Netty Worker IO Thread #2/INFO]: [/[0:0:0:0:0:0:0:1%0]:47680|Mr_Hugs] -> UpstreamBridge has disconnected
[03:05:59] [Netty Worker IO Thread #2/INFO]: [Mr_Hugs] disconnected with: Proxy lost connection to server.
[03:05:59] [Netty Worker IO Thread #2/INFO]: [/[0:0:0:0:0:0:0:1%0]:47680|Mr_Hugs] <-> DownstreamBridge <-> [lobby] has disconnected
[03:07:28] [Netty Worker IO Thread #0/INFO] [EaglercraftXBungee]: [/[0:0:0:0:0:0:0:1%0]:42116]: Connected via websocket
[03:07:28] [Netty Worker IO Thread #0/INFO] [EaglercraftXBungee]: [/[0:0:0:0:0:0:0:1%0]:42116]: Origin header is https://eaglercraft-archive.github.io
[03:07:28] [Netty Worker IO Thread #0/INFO] [EaglercraftXBungee]: [/[0:0:0:0:0:0:0:1%0]:42116]: Logged in as 'Mr_Hugs'
[03:07:28] [Netty Worker IO Thread #0/INFO]: [/[0:0:0:0:0:0:0:1%0]:42116|Mr_Hugs] -> UpstreamBridge has connected
[03:07:28] [Netty Worker IO Thread #0/INFO]: [Mr_Hugs|/[0:0:0:0:0:0:0:1%0]:42116] <-> ServerConnector [lobby] has connected
[03:07:36] [Netty Worker IO Thread #0/INFO]: [Mr_Hugs] disconnected with: Flying is not enabled on this server
[03:07:36] [Netty Worker IO Thread #0/INFO]: [/[0:0:0:0:0:0:0:1%0]:42116|Mr_Hugs] -> UpstreamBridge has disconnected
[03:07:36] [Netty Worker IO Thread #0/INFO]: [/[0:0:0:0:0:0:0:1%0]:42116|Mr_Hugs] <-> DownstreamBridge <-> [lobby] has disconnected
[03:07:44] [Netty Worker IO Thread #1/INFO] [EaglercraftXBungee]: [/[0:0:0:0:0:0:0:1%0]:53424]: Connected via websocket
[03:07:44] [Netty Worker IO Thread #1/INFO] [EaglercraftXBungee]: [/[0:0:0:0:0:0:0:1%0]:53424]: Origin header is https://eaglercraft-archive.github.io
[03:07:44] [Netty Worker IO Thread #1/INFO] [EaglercraftXBungee]: [/[0:0:0:0:0:0:0:1%0]:53424]: Logged in as 'allahu_akbar'
[03:07:44] [Netty Worker IO Thread #1/INFO]: [/[0:0:0:0:0:0:0:1%0]:53424|allahu_akbar] -> UpstreamBridge has connected
[03:07:44] [Netty Worker IO Thread #1/INFO]: [allahu_akbar|/[0:0:0:0:0:0:0:1%0]:53424] <-> ServerConnector [lobby] has connected
[03:07:50] [Netty Worker IO Thread #3/INFO] [EaglercraftXBungee]: [/[0:0:0:0:0:0:0:1%0]:53446]: Connected via websocket
[03:07:50] [Netty Worker IO Thread #3/INFO] [EaglercraftXBungee]: [/[0:0:0:0:0:0:0:1%0]:53446]: Origin header is https://localhost:8081
[03:07:50] [Netty Worker IO Thread #3/INFO] [EaglercraftXBungee]: [/[0:0:0:0:0:0:0:1%0]:53446]: Logged in as 'black_lock_ash'
[03:07:50] [Netty Worker IO Thread #3/INFO]: [/[0:0:0:0:0:0:0:1%0]:53446|black_lock_ash] -> UpstreamBridge has connected
[03:07:50] [Netty Worker IO Thread #3/INFO]: [black_lock_ash|/[0:0:0:0:0:0:0:1%0]:53446] <-> ServerConnector [lobby] has connected
[03:07:53] [Netty Worker IO Thread #3/INFO]: [/[0:0:0:0:0:0:0:1%0]:53446|black_lock_ash] -> UpstreamBridge has disconnected
[03:07:53] [Netty Worker IO Thread #3/INFO]: [black_lock_ash] disconnected with: Proxy lost connection to server.
[03:07:53] [Netty Worker IO Thread #3/INFO]: [/[0:0:0:0:0:0:0:1%0]:53446|black_lock_ash] <-> DownstreamBridge <-> [lobby] has disconnected
[03:07:57] [Netty Worker IO Thread #1/INFO] [EaglercraftXBungee]: [/[0:0:0:0:0:0:0:1%0]:51644]: Connected via websocket
[03:07:57] [Netty Worker IO Thread #1/INFO] [EaglercraftXBungee]: [/[0:0:0:0:0:0:0:1%0]:51644]: Origin header is https://localhost:8081
[03:07:57] [Netty Worker IO Thread #1/INFO] [EaglercraftXBungee]: [/[0:0:0:0:0:0:0:1%0]:51644]: Logged in as 'black_lock_ash'
[03:07:57] [Netty Worker IO Thread #1/INFO]: [/[0:0:0:0:0:0:0:1%0]:51644|black_lock_ash] -> UpstreamBridge has connected
[03:07:57] [Netty Worker IO Thread #1/INFO]: [black_lock_ash|/[0:0:0:0:0:0:0:1%0]:51644] <-> ServerConnector [lobby] has connected
[03:08:14] [Netty Worker IO Thread #1/INFO]: [allahu_akbar] disconnected with: Login timed out!
[03:08:14] [Netty Worker IO Thread #1/INFO]: [/[0:0:0:0:0:0:0:1%0]:53424|allahu_akbar] -> UpstreamBridge has disconnected
[03:08:14] [Netty Worker IO Thread #1/INFO]: [/[0:0:0:0:0:0:0:1%0]:53424|allahu_akbar] <-> DownstreamBridge <-> [lobby] has disconnected
[03:09:25] [Netty Worker IO Thread #2/INFO] [EaglercraftXBungee]: [/[0:0:0:0:0:0:0:1%0]:47482]: Connected via websocket
[03:09:25] [Netty Worker IO Thread #2/INFO] [EaglercraftXBungee]: [/[0:0:0:0:0:0:0:1%0]:47482]: Origin header is https://eaglercraft-archive.github.io
[03:09:26] [Netty Worker IO Thread #2/INFO] [EaglercraftXBungee]: [/[0:0:0:0:0:0:0:1%0]:47482]: Logged in as 'allahu_akbar'
[03:09:26] [Netty Worker IO Thread #2/INFO]: [/[0:0:0:0:0:0:0:1%0]:47482|allahu_akbar] -> UpstreamBridge has connected
[03:09:26] [Netty Worker IO Thread #2/INFO]: [allahu_akbar|/[0:0:0:0:0:0:0:1%0]:47482] <-> ServerConnector [lobby] has connected
[03:09:40] [Netty Worker IO Thread #2/INFO]: [/[0:0:0:0:0:0:0:1%0]:47482|allahu_akbar] -> UpstreamBridge has disconnected
[03:09:40] [Netty Worker IO Thread #2/INFO]: [allahu_akbar] disconnected with: Proxy lost connection to server.
[03:09:40] [Netty Worker IO Thread #2/INFO]: [/[0:0:0:0:0:0:0:1%0]:47482|allahu_akbar] <-> DownstreamBridge <-> [lobby] has disconnected
[03:11:24] [Netty Worker IO Thread #3/INFO] [EaglercraftXBungee]: [/[0:0:0:0:0:0:0:1%0]:59016]: Connected via websocket
[03:11:24] [Netty Worker IO Thread #3/INFO] [EaglercraftXBungee]: [/[0:0:0:0:0:0:0:1%0]:59016]: Origin header is https://eaglercraft-archive.github.io
[03:11:24] [Netty Worker IO Thread #3/INFO] [EaglercraftXBungee]: [/[0:0:0:0:0:0:0:1%0]:59016]: Logged in as 'Mr_Hugs'
[03:11:24] [Netty Worker IO Thread #3/INFO]: [/[0:0:0:0:0:0:0:1%0]:59016|Mr_Hugs] -> UpstreamBridge has connected
[03:11:24] [Netty Worker IO Thread #3/INFO]: [Mr_Hugs|/[0:0:0:0:0:0:0:1%0]:59016] <-> ServerConnector [lobby] has connected
[03:11:37] [Netty Worker IO Thread #3/INFO]: [/[0:0:0:0:0:0:0:1%0]:59016|Mr_Hugs] -> UpstreamBridge has disconnected
[03:11:37] [Netty Worker IO Thread #3/INFO]: [Mr_Hugs] disconnected with: Proxy lost connection to server.
[03:11:37] [Netty Worker IO Thread #3/INFO]: [/[0:0:0:0:0:0:0:1%0]:59016|Mr_Hugs] <-> DownstreamBridge <-> [lobby] has disconnected
[03:11:41] [Netty Worker IO Thread #0/INFO] [EaglercraftXBungee]: [/[0:0:0:0:0:0:0:1%0]:52400]: Connected via websocket
[03:11:41] [Netty Worker IO Thread #0/INFO] [EaglercraftXBungee]: [/[0:0:0:0:0:0:0:1%0]:52400]: Origin header is https://eaglercraft-archive.github.io
[03:11:41] [Netty Worker IO Thread #0/INFO] [EaglercraftXBungee]: [/[0:0:0:0:0:0:0:1%0]:52400]: Logged in as 'Mr_Hugs'
[03:11:41] [Netty Worker IO Thread #0/INFO]: [/[0:0:0:0:0:0:0:1%0]:52400|Mr_Hugs] -> UpstreamBridge has connected
[03:11:41] [Netty Worker IO Thread #0/INFO]: [Mr_Hugs|/[0:0:0:0:0:0:0:1%0]:52400] <-> ServerConnector [lobby] has connected
[03:13:34] [Netty Worker IO Thread #3/INFO] [EaglercraftXBungee]: [/[0:0:0:0:0:0:0:1%0]:60698]: Connected via websocket
[03:13:34] [Netty Worker IO Thread #3/INFO] [EaglercraftXBungee]: [/[0:0:0:0:0:0:0:1%0]:60698]: Origin header is https://elephantkid.github.io
[03:13:34] [Netty Worker IO Thread #3/INFO] [EaglercraftXBungee]: [/[0:0:0:0:0:0:0:1%0]:60698]: Logged in as 'Boon2'
[03:13:34] [Netty Worker IO Thread #3/INFO]: [/[0:0:0:0:0:0:0:1%0]:60698|Boon2] -> UpstreamBridge has connected
[03:13:34] [Netty Worker IO Thread #3/INFO]: [Boon2|/[0:0:0:0:0:0:0:1%0]:60698] <-> ServerConnector [lobby] has connected
[03:18:53] [Netty Worker IO Thread #3/INFO]: [/[0:0:0:0:0:0:0:1%0]:60698|Boon2] -> UpstreamBridge has disconnected
[03:18:53] [Netty Worker IO Thread #3/INFO]: [Boon2] disconnected with: Proxy lost connection to server.
[03:18:53] [Netty Worker IO Thread #3/INFO]: [/[0:0:0:0:0:0:0:1%0]:60698|Boon2] <-> DownstreamBridge <-> [lobby] has disconnected
[03:19:04] [Netty Worker IO Thread #3/INFO] [EaglercraftXBungee]: [/[0:0:0:0:0:0:0:1%0]:53102]: Connected via websocket
[03:19:04] [Netty Worker IO Thread #3/INFO] [EaglercraftXBungee]: [/[0:0:0:0:0:0:0:1%0]:53102]: Origin header is https://elephantkid.github.io
[03:19:04] [Netty Worker IO Thread #3/INFO] [EaglercraftXBungee]: [/[0:0:0:0:0:0:0:1%0]:53102]: Logged in as 'Boon2'
[03:19:04] [Netty Worker IO Thread #3/INFO]: [/[0:0:0:0:0:0:0:1%0]:53102|Boon2] -> UpstreamBridge has connected
[03:19:04] [Netty Worker IO Thread #3/INFO]: [Boon2|/[0:0:0:0:0:0:0:1%0]:53102] <-> ServerConnector [lobby] has connected
[03:19:08] [Netty Worker IO Thread #3/INFO]: [/[0:0:0:0:0:0:0:1%0]:53102|Boon2] -> UpstreamBridge has disconnected
[03:19:08] [Netty Worker IO Thread #3/INFO]: [Boon2] disconnected with: Proxy lost connection to server.
[03:19:08] [Netty Worker IO Thread #3/INFO]: [/[0:0:0:0:0:0:0:1%0]:53102|Boon2] <-> DownstreamBridge <-> [lobby] has disconnected
[03:19:24] [Netty Worker IO Thread #3/INFO] [EaglercraftXBungee]: [/[0:0:0:0:0:0:0:1%0]:46434]: Connected via websocket
[03:19:24] [Netty Worker IO Thread #3/INFO] [EaglercraftXBungee]: [/[0:0:0:0:0:0:0:1%0]:46434]: Origin header is https://elephantkid.github.io
[03:19:24] [Netty Worker IO Thread #3/INFO] [EaglercraftXBungee]: [/[0:0:0:0:0:0:0:1%0]:46434]: Logged in as 'Noob'
[03:19:24] [Netty Worker IO Thread #3/INFO]: [/[0:0:0:0:0:0:0:1%0]:46434|Noob] -> UpstreamBridge has connected
[03:19:24] [Netty Worker IO Thread #3/INFO]: [Noob|/[0:0:0:0:0:0:0:1%0]:46434] <-> ServerConnector [lobby] has connected
[03:19:26] [Netty Worker IO Thread #3/INFO]: [/[0:0:0:0:0:0:0:1%0]:46434|Noob] -> UpstreamBridge has disconnected
[03:19:26] [Netty Worker IO Thread #3/INFO]: [Noob] disconnected with: Proxy lost connection to server.
[03:19:26] [Netty Worker IO Thread #3/INFO]: [/[0:0:0:0:0:0:0:1%0]:46434|Noob] <-> DownstreamBridge <-> [lobby] has disconnected
[03:19:29] [Netty Worker IO Thread #0/INFO] [EaglercraftXBungee]: [/[0:0:0:0:0:0:0:1%0]:46446]: Connected via websocket
[03:19:29] [Netty Worker IO Thread #0/INFO] [EaglercraftXBungee]: [/[0:0:0:0:0:0:0:1%0]:46446]: Origin header is https://elephantkid.github.io
[03:19:30] [Netty Worker IO Thread #0/INFO] [EaglercraftXBungee]: [/[0:0:0:0:0:0:0:1%0]:46446]: Logged in as 'Noob'
[03:19:30] [Netty Worker IO Thread #0/INFO]: [/[0:0:0:0:0:0:0:1%0]:46446|Noob] -> UpstreamBridge has connected
[03:19:30] [Netty Worker IO Thread #0/INFO]: [Noob|/[0:0:0:0:0:0:0:1%0]:46446] <-> ServerConnector [lobby] has connected
[03:19:31] [Netty Worker IO Thread #0/INFO]: [/[0:0:0:0:0:0:0:1%0]:46446|Noob] -> UpstreamBridge has disconnected
[03:19:31] [Netty Worker IO Thread #0/INFO]: [Noob] disconnected with: Proxy lost connection to server.
[03:19:31] [Netty Worker IO Thread #0/INFO]: [/[0:0:0:0:0:0:0:1%0]:46446|Noob] <-> DownstreamBridge <-> [lobby] has disconnected
[03:19:35] [Netty Worker IO Thread #1/INFO] [EaglercraftXBungee]: [/[0:0:0:0:0:0:0:1%0]:38688]: Connected via websocket
[03:19:35] [Netty Worker IO Thread #1/INFO] [EaglercraftXBungee]: [/[0:0:0:0:0:0:0:1%0]:38688]: Origin header is https://elephantkid.github.io
[03:19:35] [Netty Worker IO Thread #1/INFO] [EaglercraftXBungee]: [/[0:0:0:0:0:0:0:1%0]:38688]: Logged in as 'Noob'
[03:19:35] [Netty Worker IO Thread #1/INFO]: [/[0:0:0:0:0:0:0:1%0]:38688|Noob] -> UpstreamBridge has connected
[03:19:35] [Netty Worker IO Thread #1/INFO]: [Noob|/[0:0:0:0:0:0:0:1%0]:38688] <-> ServerConnector [lobby] has connected
[03:19:37] [Netty Worker IO Thread #1/INFO]: [/[0:0:0:0:0:0:0:1%0]:38688|Noob] -> UpstreamBridge has disconnected
[03:19:37] [Netty Worker IO Thread #1/INFO]: [Noob] disconnected with: Proxy lost connection to server.
[03:19:37] [Netty Worker IO Thread #1/INFO]: [/[0:0:0:0:0:0:0:1%0]:38688|Noob] <-> DownstreamBridge <-> [lobby] has disconnected
[03:19:42] [Netty Worker IO Thread #2/INFO] [EaglercraftXBungee]: [/[0:0:0:0:0:0:0:1%0]:38698]: Connected via websocket
[03:19:42] [Netty Worker IO Thread #2/INFO] [EaglercraftXBungee]: [/[0:0:0:0:0:0:0:1%0]:38698]: Origin header is https://elephantkid.github.io
[03:19:42] [Netty Worker IO Thread #2/INFO] [EaglercraftXBungee]: [/[0:0:0:0:0:0:0:1%0]:38698]: Logged in as 'Noob'
[03:19:42] [Netty Worker IO Thread #2/INFO]: [/[0:0:0:0:0:0:0:1%0]:38698|Noob] -> UpstreamBridge has connected
[03:19:42] [Netty Worker IO Thread #2/INFO]: [Noob|/[0:0:0:0:0:0:0:1%0]:38698] <-> ServerConnector [lobby] has connected
[03:21:04] [Netty Worker IO Thread #1/INFO]: [/[0:0:0:0:0:0:0:1%0]:51644|black_lock_ash] -> UpstreamBridge has disconnected
[03:21:04] [Netty Worker IO Thread #1/INFO]: [black_lock_ash] disconnected with: Proxy lost connection to server.
[03:21:04] [Netty Worker IO Thread #1/INFO]: [/[0:0:0:0:0:0:0:1%0]:51644|black_lock_ash] <-> DownstreamBridge <-> [lobby] has disconnected
[03:23:08] [Netty Worker IO Thread #1/INFO] [EaglercraftXBungee]: [/[0:0:0:0:0:0:0:1%0]:34740]: Connected via websocket
[03:23:08] [Netty Worker IO Thread #1/INFO] [EaglercraftXBungee]: [/[0:0:0:0:0:0:0:1%0]:34740]: Origin header is https://localhost:8081
[03:23:08] [Netty Worker IO Thread #1/INFO] [EaglercraftXBungee]: [/[0:0:0:0:0:0:0:1%0]:34740]: Logged in as 'RedJumper'
[03:23:08] [Netty Worker IO Thread #1/INFO]: [/[0:0:0:0:0:0:0:1%0]:34740|RedJumper] -> UpstreamBridge has connected
[03:23:08] [Netty Worker IO Thread #1/INFO]: [RedJumper|/[0:0:0:0:0:0:0:1%0]:34740] <-> ServerConnector [lobby] has connected
[03:23:11] [Netty Worker IO Thread #1/INFO]: [/[0:0:0:0:0:0:0:1%0]:34740|RedJumper] -> UpstreamBridge has disconnected
[03:23:11] [Netty Worker IO Thread #1/INFO]: [RedJumper] disconnected with: Proxy lost connection to server.
[03:23:11] [Netty Worker IO Thread #1/INFO]: [/[0:0:0:0:0:0:0:1%0]:34740|RedJumper] <-> DownstreamBridge <-> [lobby] has disconnected
[03:23:13] [Netty Worker IO Thread #2/INFO] [EaglercraftXBungee]: [/[0:0:0:0:0:0:0:1%0]:42570]: Connected via websocket
[03:23:13] [Netty Worker IO Thread #2/INFO] [EaglercraftXBungee]: [/[0:0:0:0:0:0:0:1%0]:42570]: Origin header is https://localhost:8081
[03:23:13] [Netty Worker IO Thread #2/INFO] [EaglercraftXBungee]: [/[0:0:0:0:0:0:0:1%0]:42570]: Logged in as 'RedJumper'
[03:23:13] [Netty Worker IO Thread #2/INFO]: [/[0:0:0:0:0:0:0:1%0]:42570|RedJumper] -> UpstreamBridge has connected
[03:23:13] [Netty Worker IO Thread #2/INFO]: [RedJumper|/[0:0:0:0:0:0:0:1%0]:42570] <-> ServerConnector [lobby] has connected
[03:23:15] [Netty Worker IO Thread #2/INFO]: [/[0:0:0:0:0:0:0:1%0]:42570|RedJumper] -> UpstreamBridge has disconnected
[03:23:15] [Netty Worker IO Thread #2/INFO]: [RedJumper] disconnected with: Proxy lost connection to server.
[03:23:15] [Netty Worker IO Thread #2/INFO]: [/[0:0:0:0:0:0:0:1%0]:42570|RedJumper] <-> DownstreamBridge <-> [lobby] has disconnected
[03:23:15] [Netty Worker IO Thread #0/INFO]: [/[0:0:0:0:0:0:0:1%0]:52400|Mr_Hugs] -> UpstreamBridge has disconnected
[03:23:15] [Netty Worker IO Thread #0/INFO]: [Mr_Hugs] disconnected with: Proxy lost connection to server.
[03:23:15] [Netty Worker IO Thread #0/INFO]: [/[0:0:0:0:0:0:0:1%0]:52400|Mr_Hugs] <-> DownstreamBridge <-> [lobby] has disconnected
[03:23:18] [Netty Worker IO Thread #2/INFO]: [/[0:0:0:0:0:0:0:1%0]:38698|Noob] -> UpstreamBridge has disconnected
[03:23:18] [Netty Worker IO Thread #2/INFO]: [Noob] disconnected with: Proxy lost connection to server.
[03:23:18] [Netty Worker IO Thread #2/INFO]: [/[0:0:0:0:0:0:0:1%0]:38698|Noob] <-> DownstreamBridge <-> [lobby] has disconnected
[03:23:18] [Netty Worker IO Thread #3/INFO] [EaglercraftXBungee]: [/[0:0:0:0:0:0:0:1%0]:42582]: Connected via websocket
[03:23:18] [Netty Worker IO Thread #3/INFO] [EaglercraftXBungee]: [/[0:0:0:0:0:0:0:1%0]:42582]: Origin header is https://localhost:8081
[03:23:18] [Netty Worker IO Thread #3/INFO] [EaglercraftXBungee]: [/[0:0:0:0:0:0:0:1%0]:42582]: Logged in as 'RedJumper'
[03:23:18] [Netty Worker IO Thread #3/INFO]: [/[0:0:0:0:0:0:0:1%0]:42582|RedJumper] -> UpstreamBridge has connected
[03:23:18] [Netty Worker IO Thread #3/INFO]: [RedJumper|/[0:0:0:0:0:0:0:1%0]:42582] <-> ServerConnector [lobby] has connected
[03:23:28] [Netty Worker IO Thread #2/INFO] [EaglercraftXBungee]: [/[0:0:0:0:0:0:0:1%0]:52036]: Connected via websocket
[03:23:28] [Netty Worker IO Thread #2/INFO] [EaglercraftXBungee]: [/[0:0:0:0:0:0:0:1%0]:52036]: Origin header is https://eaglercraft-archive.github.io
[03:23:28] [Netty Worker IO Thread #2/INFO] [EaglercraftXBungee]: [/[0:0:0:0:0:0:0:1%0]:52036]: Logged in as 'Mr_Hugs'
[03:23:28] [Netty Worker IO Thread #2/INFO]: [/[0:0:0:0:0:0:0:1%0]:52036|Mr_Hugs] -> UpstreamBridge has connected
[03:23:28] [Netty Worker IO Thread #2/INFO]: [Mr_Hugs|/[0:0:0:0:0:0:0:1%0]:52036] <-> ServerConnector [lobby] has connected
[03:23:34] [Netty Worker IO Thread #2/INFO]: [/[0:0:0:0:0:0:0:1%0]:52036|Mr_Hugs] -> UpstreamBridge has disconnected
[03:23:34] [Netty Worker IO Thread #2/INFO]: [Mr_Hugs] disconnected with: Proxy lost connection to server.
[03:23:34] [Netty Worker IO Thread #2/INFO]: [/[0:0:0:0:0:0:0:1%0]:52036|Mr_Hugs] <-> DownstreamBridge <-> [lobby] has disconnected
[03:23:37] [Netty Worker IO Thread #3/INFO] [EaglercraftXBungee]: [/[0:0:0:0:0:0:0:1%0]:40062]: Connected via websocket
[03:23:37] [Netty Worker IO Thread #3/INFO] [EaglercraftXBungee]: [/[0:0:0:0:0:0:0:1%0]:40062]: Origin header is https://eaglercraft-archive.github.io
[03:23:37] [Netty Worker IO Thread #3/INFO] [EaglercraftXBungee]: [/[0:0:0:0:0:0:0:1%0]:40062]: Logged in as 'Mr_Hugs'
[03:23:37] [Netty Worker IO Thread #3/INFO]: [/[0:0:0:0:0:0:0:1%0]:40062|Mr_Hugs] -> UpstreamBridge has connected
[03:23:37] [Netty Worker IO Thread #3/INFO]: [Mr_Hugs|/[0:0:0:0:0:0:0:1%0]:40062] <-> ServerConnector [lobby] has connected
[03:24:02] [Netty Worker IO Thread #1/INFO]: [/[0:0:0:0:0:0:0:1%0]:59966|________________] -> UpstreamBridge has disconnected
[03:24:02] [Netty Worker IO Thread #1/INFO]: [________________] disconnected with: Proxy lost connection to server.
[03:24:02] [Netty Worker IO Thread #1/INFO]: [/[0:0:0:0:0:0:0:1%0]:59966|________________] <-> DownstreamBridge <-> [lobby] has disconnected
[03:26:35] [Netty Worker IO Thread #0/INFO] [EaglercraftXBungee]: [/[0:0:0:0:0:0:0:1%0]:56128]: Connected via websocket
[03:26:35] [Netty Worker IO Thread #0/INFO] [EaglercraftXBungee]: [/[0:0:0:0:0:0:0:1%0]:56128]: Origin header is https://elephantkid.github.io
[03:26:35] [Netty Worker IO Thread #0/INFO] [EaglercraftXBungee]: [/[0:0:0:0:0:0:0:1%0]:56128]: Logged in as 'Noob'
[03:26:35] [Netty Worker IO Thread #0/INFO]: [/[0:0:0:0:0:0:0:1%0]:56128|Noob] -> UpstreamBridge has connected
[03:26:35] [Netty Worker IO Thread #0/INFO]: [Noob|/[0:0:0:0:0:0:0:1%0]:56128] <-> ServerConnector [lobby] has connected
[03:27:16] [Netty Worker IO Thread #1/INFO] [EaglercraftXBungee]: [/[0:0:0:0:0:0:0:1%0]:58164]: Connected via websocket
[03:27:16] [Netty Worker IO Thread #1/INFO] [EaglercraftXBungee]: [/[0:0:0:0:0:0:0:1%0]:58164]: Origin header is https://eaglercraft-archive.github.io
[03:27:16] [Netty Worker IO Thread #1/INFO] [EaglercraftXBungee]: [/[0:0:0:0:0:0:0:1%0]:58164]: Logged in as '________________'
[03:27:16] [Netty Worker IO Thread #1/INFO]: [/[0:0:0:0:0:0:0:1%0]:58164|________________] -> UpstreamBridge has connected
[03:27:16] [Netty Worker IO Thread #1/INFO]: [________________|/[0:0:0:0:0:0:0:1%0]:58164] <-> ServerConnector [lobby] has connected
[03:31:20] [Netty Worker IO Thread #3/INFO]: [/[0:0:0:0:0:0:0:1%0]:40062|Mr_Hugs] -> UpstreamBridge has disconnected
[03:31:20] [Netty Worker IO Thread #3/INFO]: [Mr_Hugs] disconnected with: Proxy lost connection to server.
[03:31:20] [Netty Worker IO Thread #3/INFO]: [/[0:0:0:0:0:0:0:1%0]:40062|Mr_Hugs] <-> DownstreamBridge <-> [lobby] has disconnected
[03:31:29] [Netty Worker IO Thread #2/INFO]: [/[0:0:0:0:0:0:0:1%0]:42576|BigDickPerson] -> UpstreamBridge has disconnected
[03:31:29] [Netty Worker IO Thread #2/INFO]: [BigDickPerson] disconnected with: Proxy lost connection to server.
[03:31:29] [Netty Worker IO Thread #2/INFO]: [/[0:0:0:0:0:0:0:1%0]:42576|BigDickPerson] <-> DownstreamBridge <-> [lobby] has disconnected
[03:31:36] [Netty Worker IO Thread #2/INFO]: [/[0:0:0:0:0:0:0:1%0]:53232|AusAir] -> UpstreamBridge has disconnected
[03:31:36] [Netty Worker IO Thread #2/INFO]: [AusAir] disconnected with: Proxy lost connection to server.
[03:31:36] [Netty Worker IO Thread #2/INFO]: [/[0:0:0:0:0:0:0:1%0]:53232|AusAir] <-> DownstreamBridge <-> [lobby] has disconnected
[03:34:10] [Netty Worker IO Thread #0/INFO]: [/[0:0:0:0:0:0:0:1%0]:56128|Noob] -> UpstreamBridge has disconnected
[03:34:10] [Netty Worker IO Thread #0/INFO]: [Noob] disconnected with: Proxy lost connection to server.
[03:34:10] [Netty Worker IO Thread #0/INFO]: [/[0:0:0:0:0:0:0:1%0]:56128|Noob] <-> DownstreamBridge <-> [lobby] has disconnected
[03:34:16] [Netty Worker IO Thread #3/INFO] [EaglercraftXBungee]: [/[0:0:0:0:0:0:0:1%0]:35960]: Connected via websocket
[03:34:16] [Netty Worker IO Thread #3/INFO] [EaglercraftXBungee]: [/[0:0:0:0:0:0:0:1%0]:35960]: Origin header is https://eaglercraft-archive.github.io
[03:34:16] [Netty Worker IO Thread #3/INFO] [EaglercraftXBungee]: [/[0:0:0:0:0:0:0:1%0]:35960]: Logged in as 'Fvarvendik'
[03:34:16] [Netty Worker IO Thread #3/INFO]: [/[0:0:0:0:0:0:0:1%0]:35960|Fvarvendik] -> UpstreamBridge has connected
[03:34:16] [Netty Worker IO Thread #3/INFO]: [Fvarvendik|/[0:0:0:0:0:0:0:1%0]:35960] <-> ServerConnector [lobby] has connected
[03:34:58] [Netty Worker IO Thread #3/INFO]: [/[0:0:0:0:0:0:0:1%0]:35960|Fvarvendik] -> UpstreamBridge has disconnected
[03:34:58] [Netty Worker IO Thread #3/INFO]: [Fvarvendik] disconnected with: Proxy lost connection to server.
[03:34:58] [Netty Worker IO Thread #3/INFO]: [/[0:0:0:0:0:0:0:1%0]:35960|Fvarvendik] <-> DownstreamBridge <-> [lobby] has disconnected
[03:35:06] [Netty Worker IO Thread #2/INFO] [EaglercraftXBungee]: [/[0:0:0:0:0:0:0:1%0]:54062]: Connected via websocket
[03:35:06] [Netty Worker IO Thread #2/INFO] [EaglercraftXBungee]: [/[0:0:0:0:0:0:0:1%0]:54062]: Origin header is https://eaglercraft-archive.github.io
[03:35:06] [Netty Worker IO Thread #2/INFO] [EaglercraftXBungee]: [/[0:0:0:0:0:0:0:1%0]:54062]: Logged in as 'Mr_Hugs'
[03:35:06] [Netty Worker IO Thread #2/INFO]: [/[0:0:0:0:0:0:0:1%0]:54062|Mr_Hugs] -> UpstreamBridge has connected
[03:35:06] [Netty Worker IO Thread #2/INFO]: [Mr_Hugs|/[0:0:0:0:0:0:0:1%0]:54062] <-> ServerConnector [lobby] has connected
[03:35:32] [Netty Worker IO Thread #2/INFO]: [/[0:0:0:0:0:0:0:1%0]:54062|Mr_Hugs] -> UpstreamBridge has disconnected
[03:35:32] [Netty Worker IO Thread #2/INFO]: [Mr_Hugs] disconnected with: Proxy lost connection to server.
[03:35:32] [Netty Worker IO Thread #2/INFO]: [/[0:0:0:0:0:0:0:1%0]:54062|Mr_Hugs] <-> DownstreamBridge <-> [lobby] has disconnected
[03:35:41] [Netty Worker IO Thread #3/INFO] [EaglercraftXBungee]: [/[0:0:0:0:0:0:0:1%0]:48374]: Connected via websocket
[03:35:41] [Netty Worker IO Thread #3/INFO] [EaglercraftXBungee]: [/[0:0:0:0:0:0:0:1%0]:48374]: Origin header is https://eaglercraft-archive.github.io
[03:35:41] [Netty Worker IO Thread #3/INFO] [EaglercraftXBungee]: [/[0:0:0:0:0:0:0:1%0]:48374]: Logged in as 'Mr_Hugs'
[03:35:41] [Netty Worker IO Thread #3/INFO]: [/[0:0:0:0:0:0:0:1%0]:48374|Mr_Hugs] -> UpstreamBridge has connected
[03:35:41] [Netty Worker IO Thread #3/INFO]: [Mr_Hugs|/[0:0:0:0:0:0:0:1%0]:48374] <-> ServerConnector [lobby] has connected
[03:36:34] [Netty Worker IO Thread #0/INFO] [EaglercraftXBungee]: [/[0:0:0:0:0:0:0:1%0]:55792]: Connected via websocket
[03:36:34] [Netty Worker IO Thread #0/INFO] [EaglercraftXBungee]: [/[0:0:0:0:0:0:0:1%0]:55792]: Origin header is https://elephantkid.github.io
[03:36:34] [Netty Worker IO Thread #0/INFO] [EaglercraftXBungee]: [/[0:0:0:0:0:0:0:1%0]:55792]: Logged in as 'Boy_of_hammy'
[03:36:34] [Netty Worker IO Thread #0/INFO]: [/[0:0:0:0:0:0:0:1%0]:55792|Boy_of_hammy] -> UpstreamBridge has connected
[03:36:34] [Netty Worker IO Thread #0/INFO]: [Boy_of_hammy|/[0:0:0:0:0:0:0:1%0]:55792] <-> ServerConnector [lobby] has connected
[03:36:34] [Netty Worker IO Thread #0/INFO]: [/[0:0:0:0:0:0:0:1%0]:55792|Boy_of_hammy] -> UpstreamBridge has disconnected
[03:36:34] [Netty Worker IO Thread #0/INFO]: [Boy_of_hammy] disconnected with: Proxy lost connection to server.
[03:36:34] [Netty Worker IO Thread #0/INFO]: [/[0:0:0:0:0:0:0:1%0]:55792|Boy_of_hammy] <-> DownstreamBridge <-> [lobby] has disconnected
[03:36:38] [Netty Worker IO Thread #1/INFO] [EaglercraftXBungee]: [/[0:0:0:0:0:0:0:1%0]:55794]: Connected via websocket
[03:36:38] [Netty Worker IO Thread #1/INFO] [EaglercraftXBungee]: [/[0:0:0:0:0:0:0:1%0]:55794]: Origin header is https://elephantkid.github.io
[03:36:38] [Netty Worker IO Thread #1/INFO] [EaglercraftXBungee]: [/[0:0:0:0:0:0:0:1%0]:55794]: Logged in as 'Boy_of_hammy'
[03:36:38] [Netty Worker IO Thread #1/INFO]: [/[0:0:0:0:0:0:0:1%0]:55794|Boy_of_hammy] -> UpstreamBridge has connected
[03:36:38] [Netty Worker IO Thread #1/INFO]: [Boy_of_hammy|/[0:0:0:0:0:0:0:1%0]:55794] <-> ServerConnector [lobby] has connected
[03:37:23] [Netty Worker IO Thread #1/INFO]: [/[0:0:0:0:0:0:0:1%0]:55794|Boy_of_hammy] -> UpstreamBridge has disconnected
[03:37:23] [Netty Worker IO Thread #1/INFO]: [Boy_of_hammy] disconnected with: Proxy lost connection to server.
[03:37:23] [Netty Worker IO Thread #1/INFO]: [/[0:0:0:0:0:0:0:1%0]:55794|Boy_of_hammy] <-> DownstreamBridge <-> [lobby] has disconnected
[03:38:37] [Netty Worker IO Thread #1/INFO]: [/[0:0:0:0:0:0:0:1%0]:58164|________________] -> UpstreamBridge has disconnected
[03:38:37] [Netty Worker IO Thread #1/INFO]: [________________] disconnected with: Proxy lost connection to server.
[03:38:37] [Netty Worker IO Thread #1/INFO]: [/[0:0:0:0:0:0:0:1%0]:58164|________________] <-> DownstreamBridge <-> [lobby] has disconnected
[03:38:52] [Netty Worker IO Thread #3/INFO]: [/[0:0:0:0:0:0:0:1%0]:48374|Mr_Hugs] -> UpstreamBridge has disconnected
[03:38:52] [Netty Worker IO Thread #3/INFO]: [Mr_Hugs] disconnected with: Proxy lost connection to server.
[03:38:52] [Netty Worker IO Thread #3/INFO]: [/[0:0:0:0:0:0:0:1%0]:48374|Mr_Hugs] <-> DownstreamBridge <-> [lobby] has disconnected
[03:38:53] [Netty Worker IO Thread #3/INFO]: [/[0:0:0:0:0:0:0:1%0]:42582|RedJumper] -> UpstreamBridge has disconnected
[03:38:53] [Netty Worker IO Thread #3/INFO]: [RedJumper] disconnected with: Proxy lost connection to server.
[03:38:53] [Netty Worker IO Thread #3/INFO]: [/[0:0:0:0:0:0:0:1%0]:42582|RedJumper] <-> DownstreamBridge <-> [lobby] has disconnected
[03:45:51] [Netty Worker IO Thread #0/INFO] [EaglercraftXBungee]: [/[0:0:0:0:0:0:0:1%0]:44208]: Connected via websocket
[03:45:51] [Netty Worker IO Thread #0/INFO] [EaglercraftXBungee]: [/[0:0:0:0:0:0:0:1%0]:44208]: Origin header is https://eaglercraft-archive.github.io
[03:45:51] [Netty Worker IO Thread #0/INFO] [EaglercraftXBungee]: [/[0:0:0:0:0:0:0:1%0]:44208]: Logged in as 'allahu_akbar'
[03:45:51] [Netty Worker IO Thread #0/INFO]: [/[0:0:0:0:0:0:0:1%0]:44208|allahu_akbar] -> UpstreamBridge has connected
[03:45:51] [Netty Worker IO Thread #0/INFO]: [allahu_akbar|/[0:0:0:0:0:0:0:1%0]:44208] <-> ServerConnector [lobby] has connected
[03:51:24] [Netty Worker IO Thread #2/INFO] [EaglercraftXBungee]: [/[0:0:0:0:0:0:0:1%0]:45434]: Connected via websocket
[03:51:24] [Netty Worker IO Thread #2/INFO] [EaglercraftXBungee]: [/[0:0:0:0:0:0:0:1%0]:45434]: Origin header is https://elephantkid.github.io
[03:51:24] [Netty Worker IO Thread #2/INFO] [EaglercraftXBungee]: [/[0:0:0:0:0:0:0:1%0]:45434]: Logged in as 'Noob'
[03:51:24] [Netty Worker IO Thread #2/INFO]: [/[0:0:0:0:0:0:0:1%0]:45434|Noob] -> UpstreamBridge has connected
[03:51:24] [Netty Worker IO Thread #2/INFO]: [Noob|/[0:0:0:0:0:0:0:1%0]:45434] <-> ServerConnector [lobby] has connected
[03:51:38] [Netty Worker IO Thread #0/INFO]: [/[0:0:0:0:0:0:0:1%0]:44208|allahu_akbar] -> UpstreamBridge has disconnected
[03:51:38] [Netty Worker IO Thread #0/INFO]: [allahu_akbar] disconnected with: Proxy lost connection to server.
[03:51:38] [Netty Worker IO Thread #0/INFO]: [/[0:0:0:0:0:0:0:1%0]:44208|allahu_akbar] <-> DownstreamBridge <-> [lobby] has disconnected
[03:51:48] [Netty Worker IO Thread #0/INFO] [EaglercraftXBungee]: [/[0:0:0:0:0:0:0:1%0]:49800]: Connected via websocket
[03:51:48] [Netty Worker IO Thread #0/INFO] [EaglercraftXBungee]: [/[0:0:0:0:0:0:0:1%0]:49800]: Origin header is https://eaglercraft-archive.github.io
[03:51:48] [Netty Worker IO Thread #0/INFO] [EaglercraftXBungee]: [/[0:0:0:0:0:0:0:1%0]:49800]: Logged in as 'allahu_akbar3333'
[03:51:48] [Netty Worker IO Thread #0/INFO]: [/[0:0:0:0:0:0:0:1%0]:49800|allahu_akbar3333] -> UpstreamBridge has connected
[03:51:48] [Netty Worker IO Thread #0/INFO]: [allahu_akbar3333|/[0:0:0:0:0:0:0:1%0]:49800] <-> ServerConnector [lobby] has connected
[03:52:46] [Netty Worker IO Thread #0/INFO]: [/[0:0:0:0:0:0:0:1%0]:49800|allahu_akbar3333] -> UpstreamBridge has disconnected
[03:52:46] [Netty Worker IO Thread #0/INFO]: [allahu_akbar3333] disconnected with: Proxy lost connection to server.
[03:52:46] [Netty Worker IO Thread #0/INFO]: [/[0:0:0:0:0:0:0:1%0]:49800|allahu_akbar3333] <-> DownstreamBridge <-> [lobby] has disconnected
[03:52:55] [Netty Worker IO Thread #2/INFO] [EaglercraftXBungee]: [/[0:0:0:0:0:0:0:1%0]:48762]: Connected via websocket
[03:52:55] [Netty Worker IO Thread #2/INFO] [EaglercraftXBungee]: [/[0:0:0:0:0:0:0:1%0]:48762]: Origin header is https://eaglercraft-archive.github.io
[03:52:55] [Netty Worker IO Thread #2/INFO] [EaglercraftXBungee]: [/[0:0:0:0:0:0:0:1%0]:48762]: Logged in as 'allahu_akbar'
[03:52:55] [Netty Worker IO Thread #2/INFO]: [/[0:0:0:0:0:0:0:1%0]:48762|allahu_akbar] -> UpstreamBridge has connected
[03:52:55] [Netty Worker IO Thread #2/INFO]: [allahu_akbar|/[0:0:0:0:0:0:0:1%0]:48762] <-> ServerConnector [lobby] has connected
[03:54:05] [Netty Worker IO Thread #2/INFO]: [/[0:0:0:0:0:0:0:1%0]:45434|Noob] -> UpstreamBridge has disconnected
[03:54:05] [Netty Worker IO Thread #2/INFO]: [Noob] disconnected with: Proxy lost connection to server.
[03:54:05] [Netty Worker IO Thread #2/INFO]: [/[0:0:0:0:0:0:0:1%0]:45434|Noob] <-> DownstreamBridge <-> [lobby] has disconnected
[03:54:09] [Netty Worker IO Thread #2/INFO]: [/[0:0:0:0:0:0:0:1%0]:48762|allahu_akbar] -> UpstreamBridge has disconnected
[03:54:09] [Netty Worker IO Thread #2/INFO]: [allahu_akbar] disconnected with: Proxy lost connection to server.
[03:54:09] [Netty Worker IO Thread #2/INFO]: [/[0:0:0:0:0:0:0:1%0]:48762|allahu_akbar] <-> DownstreamBridge <-> [lobby] has disconnected
[03:54:18] [Netty Worker IO Thread #1/INFO] [EaglercraftXBungee]: [/[0:0:0:0:0:0:0:1%0]:48480]: Connected via websocket
[03:54:18] [Netty Worker IO Thread #1/INFO] [EaglercraftXBungee]: [/[0:0:0:0:0:0:0:1%0]:48480]: Origin header is https://eaglercraft-archive.github.io
[03:54:19] [Netty Worker IO Thread #1/INFO] [EaglercraftXBungee]: [/[0:0:0:0:0:0:0:1%0]:48480]: Logged in as 'allahu_akbar184u'
[03:54:19] [Netty Worker IO Thread #1/INFO]: [/[0:0:0:0:0:0:0:1%0]:48480|allahu_akbar184u] -> UpstreamBridge has connected
[03:54:19] [Netty Worker IO Thread #1/INFO]: [allahu_akbar184u|/[0:0:0:0:0:0:0:1%0]:48480] <-> ServerConnector [lobby] has connected
[03:54:53] [Netty Worker IO Thread #2/INFO] [EaglercraftXBungee]: [/[0:0:0:0:0:0:0:1%0]:49446]: Connected via websocket
[03:54:53] [Netty Worker IO Thread #2/INFO] [EaglercraftXBungee]: [/[0:0:0:0:0:0:0:1%0]:49446]: Origin header is https://elephantkid.github.io
[03:54:53] [Netty Worker IO Thread #2/INFO] [EaglercraftXBungee]: [/[0:0:0:0:0:0:0:1%0]:49446]: Logged in as 'Noob'
[03:54:53] [Netty Worker IO Thread #2/INFO]: [/[0:0:0:0:0:0:0:1%0]:49446|Noob] -> UpstreamBridge has connected
[03:54:53] [Netty Worker IO Thread #2/INFO]: [Noob|/[0:0:0:0:0:0:0:1%0]:49446] <-> ServerConnector [lobby] has connected
[03:54:55] [Netty Worker IO Thread #2/INFO]: [/[0:0:0:0:0:0:0:1%0]:49446|Noob] -> UpstreamBridge has disconnected
[03:54:55] [Netty Worker IO Thread #2/INFO]: [Noob] disconnected with: Proxy lost connection to server.
[03:54:55] [Netty Worker IO Thread #2/INFO]: [/[0:0:0:0:0:0:0:1%0]:49446|Noob] <-> DownstreamBridge <-> [lobby] has disconnected
[03:55:09] [Netty Worker IO Thread #3/INFO] [EaglercraftXBungee]: [/[0:0:0:0:0:0:0:1%0]:57584]: Connected via websocket
[03:55:09] [Netty Worker IO Thread #3/INFO] [EaglercraftXBungee]: [/[0:0:0:0:0:0:0:1%0]:57584]: Origin header is https://elephantkid.github.io
[03:55:09] [Netty Worker IO Thread #3/INFO] [EaglercraftXBungee]: [/[0:0:0:0:0:0:0:1%0]:57584]: Logged in as 'Noob'
[03:55:09] [Netty Worker IO Thread #3/INFO]: [/[0:0:0:0:0:0:0:1%0]:57584|Noob] -> UpstreamBridge has connected
[03:55:09] [Netty Worker IO Thread #3/INFO]: [Noob|/[0:0:0:0:0:0:0:1%0]:57584] <-> ServerConnector [lobby] has connected
[03:55:14] [Netty Worker IO Thread #3/INFO]: [/[0:0:0:0:0:0:0:1%0]:57584|Noob] -> UpstreamBridge has disconnected
[03:55:14] [Netty Worker IO Thread #3/INFO]: [Noob] disconnected with: Proxy lost connection to server.
[03:55:14] [Netty Worker IO Thread #3/INFO]: [/[0:0:0:0:0:0:0:1%0]:57584|Noob] <-> DownstreamBridge <-> [lobby] has disconnected
[03:55:17] [Netty Worker IO Thread #0/INFO] [EaglercraftXBungee]: [/[0:0:0:0:0:0:0:1%0]:34712]: Connected via websocket
[03:55:17] [Netty Worker IO Thread #0/INFO] [EaglercraftXBungee]: [/[0:0:0:0:0:0:0:1%0]:34712]: Origin header is https://elephantkid.github.io
[03:55:17] [Netty Worker IO Thread #0/INFO] [EaglercraftXBungee]: [/[0:0:0:0:0:0:0:1%0]:34712]: Logged in as 'Noob'
[03:55:17] [Netty Worker IO Thread #0/INFO]: [/[0:0:0:0:0:0:0:1%0]:34712|Noob] -> UpstreamBridge has connected
[03:55:17] [Netty Worker IO Thread #0/INFO]: [Noob|/[0:0:0:0:0:0:0:1%0]:34712] <-> ServerConnector [lobby] has connected
[03:55:35] [Netty Worker IO Thread #1/INFO]: [/[0:0:0:0:0:0:0:1%0]:48480|allahu_akbar184u] -> UpstreamBridge has disconnected
[03:55:35] [Netty Worker IO Thread #1/INFO]: [allahu_akbar184u] disconnected with: Proxy lost connection to server.
[03:55:35] [Netty Worker IO Thread #1/INFO]: [/[0:0:0:0:0:0:0:1%0]:48480|allahu_akbar184u] <-> DownstreamBridge <-> [lobby] has disconnected
[03:55:43] [Netty Worker IO Thread #2/INFO] [EaglercraftXBungee]: [/[0:0:0:0:0:0:0:1%0]:33640]: Connected via websocket
[03:55:43] [Netty Worker IO Thread #2/INFO] [EaglercraftXBungee]: [/[0:0:0:0:0:0:0:1%0]:33640]: Origin header is https://eaglercraft-archive.github.io
[03:55:44] [Netty Worker IO Thread #2/INFO] [EaglercraftXBungee]: [/[0:0:0:0:0:0:0:1%0]:33640]: Logged in as 'allahu_akbar'
[03:55:44] [Netty Worker IO Thread #2/INFO]: [/[0:0:0:0:0:0:0:1%0]:33640|allahu_akbar] -> UpstreamBridge has connected
[03:55:44] [Netty Worker IO Thread #2/INFO]: [allahu_akbar|/[0:0:0:0:0:0:0:1%0]:33640] <-> ServerConnector [lobby] has connected
[03:57:44] [Netty Worker IO Thread #0/INFO]: [/[0:0:0:0:0:0:0:1%0]:34712|Noob] -> UpstreamBridge has disconnected
[03:57:44] [Netty Worker IO Thread #0/INFO]: [Noob] disconnected with: Proxy lost connection to server.
[03:57:44] [Netty Worker IO Thread #0/INFO]: [/[0:0:0:0:0:0:0:1%0]:34712|Noob] <-> DownstreamBridge <-> [lobby] has disconnected
[04:02:15] [Netty Worker IO Thread #2/INFO]: [/[0:0:0:0:0:0:0:1%0]:33640|allahu_akbar] -> UpstreamBridge has disconnected
[04:02:15] [Netty Worker IO Thread #2/INFO]: [allahu_akbar] disconnected with: Proxy lost connection to server.
[04:02:15] [Netty Worker IO Thread #2/INFO]: [/[0:0:0:0:0:0:0:1%0]:33640|allahu_akbar] <-> DownstreamBridge <-> [lobby] has disconnected
[04:22:58] [Netty Worker IO Thread #1/INFO] [EaglercraftXBungee]: [/[0:0:0:0:0:0:0:1%0]:55708]: Connected via websocket
[04:22:58] [Netty Worker IO Thread #1/INFO] [EaglercraftXBungee]: [/[0:0:0:0:0:0:0:1%0]:55708]: Origin header is https://elephantkid.github.io
[04:22:58] [Netty Worker IO Thread #1/INFO] [EaglercraftXBungee]: [/[0:0:0:0:0:0:0:1%0]:55708]: Logged in as 'mashallah___'
[04:22:58] [Netty Worker IO Thread #1/INFO]: [/[0:0:0:0:0:0:0:1%0]:55708|mashallah___] -> UpstreamBridge has connected
[04:22:58] [Netty Worker IO Thread #1/INFO]: [mashallah___|/[0:0:0:0:0:0:0:1%0]:55708] <-> ServerConnector [lobby] has connected
[04:23:09] [Netty Worker IO Thread #2/INFO] [EaglercraftXBungee]: [/[0:0:0:0:0:0:0:1%0]:59456]: Connected via websocket
[04:23:09] [Netty Worker IO Thread #2/INFO] [EaglercraftXBungee]: [/[0:0:0:0:0:0:0:1%0]:59456]: Origin header is https://localhost:8081
[04:23:09] [Netty Worker IO Thread #2/INFO] [EaglercraftXBungee]: [/[0:0:0:0:0:0:0:1%0]:59456]: Logged in as 'black_lock_ash'
[04:23:09] [Netty Worker IO Thread #2/INFO]: [/[0:0:0:0:0:0:0:1%0]:59456|black_lock_ash] -> UpstreamBridge has connected
[04:23:09] [Netty Worker IO Thread #2/INFO]: [black_lock_ash|/[0:0:0:0:0:0:0:1%0]:59456] <-> ServerConnector [lobby] has connected
[04:23:25] [Netty Worker IO Thread #0/INFO] [EaglercraftXBungee]: [/[0:0:0:0:0:0:0:1%0]:44614]: Connected via websocket
[04:23:25] [Netty Worker IO Thread #0/INFO] [EaglercraftXBungee]: [/[0:0:0:0:0:0:0:1%0]:44614]: Origin header is https://eaglercraft-archive.github.io
[04:23:25] [Netty Worker IO Thread #0/INFO] [EaglercraftXBungee]: [/[0:0:0:0:0:0:0:1%0]:44614]: Logged in as 'Mr_Hugs'
[04:23:25] [Netty Worker IO Thread #0/INFO]: [/[0:0:0:0:0:0:0:1%0]:44614|Mr_Hugs] -> UpstreamBridge has connected
[04:23:25] [Netty Worker IO Thread #0/INFO]: [Mr_Hugs|/[0:0:0:0:0:0:0:1%0]:44614] <-> ServerConnector [lobby] has connected
[04:23:33] [Netty Worker IO Thread #2/INFO]: [/[0:0:0:0:0:0:0:1%0]:59456|black_lock_ash] -> UpstreamBridge has disconnected
[04:23:33] [Netty Worker IO Thread #2/INFO]: [black_lock_ash] disconnected with: Proxy lost connection to server.
[04:23:33] [Netty Worker IO Thread #2/INFO]: [/[0:0:0:0:0:0:0:1%0]:59456|black_lock_ash] <-> DownstreamBridge <-> [lobby] has disconnected
[04:23:38] [Netty Worker IO Thread #1/INFO] [EaglercraftXBungee]: [/[0:0:0:0:0:0:0:1%0]:50620]: Connected via websocket
[04:23:38] [Netty Worker IO Thread #1/INFO] [EaglercraftXBungee]: [/[0:0:0:0:0:0:0:1%0]:50620]: Origin header is https://localhost:8081
[04:23:38] [Netty Worker IO Thread #1/INFO] [EaglercraftXBungee]: [/[0:0:0:0:0:0:0:1%0]:50620]: Logged in as 'black_lock_ash'
[04:23:38] [Netty Worker IO Thread #1/INFO]: [/[0:0:0:0:0:0:0:1%0]:50620|black_lock_ash] -> UpstreamBridge has connected
[04:23:38] [Netty Worker IO Thread #1/INFO]: [black_lock_ash|/[0:0:0:0:0:0:0:1%0]:50620] <-> ServerConnector [lobby] has connected
[04:23:54] [Netty Worker IO Thread #0/INFO]: [/[0:0:0:0:0:0:0:1%0]:44614|Mr_Hugs] -> UpstreamBridge has disconnected
[04:23:54] [Netty Worker IO Thread #0/INFO]: [Mr_Hugs] disconnected with: Proxy lost connection to server.
[04:23:54] [Netty Worker IO Thread #0/INFO]: [/[0:0:0:0:0:0:0:1%0]:44614|Mr_Hugs] <-> DownstreamBridge <-> [lobby] has disconnected
[04:24:08] [Netty Worker IO Thread #1/INFO]: [/[0:0:0:0:0:0:0:1%0]:50620|black_lock_ash] -> UpstreamBridge has disconnected
[04:24:08] [Netty Worker IO Thread #1/INFO]: [black_lock_ash] disconnected with: Proxy lost connection to server.
[04:24:08] [Netty Worker IO Thread #1/INFO]: [/[0:0:0:0:0:0:0:1%0]:50620|black_lock_ash] <-> DownstreamBridge <-> [lobby] has disconnected
[04:24:11] [Netty Worker IO Thread #0/INFO] [EaglercraftXBungee]: [/[0:0:0:0:0:0:0:1%0]:43174]: Connected via websocket
[04:24:11] [Netty Worker IO Thread #0/INFO] [EaglercraftXBungee]: [/[0:0:0:0:0:0:0:1%0]:43174]: Origin header is https://eaglercraft-archive.github.io
[04:24:11] [Netty Worker IO Thread #1/INFO] [EaglercraftXBungee]: [/[0:0:0:0:0:0:0:1%0]:43182]: Connected via websocket
[04:24:11] [Netty Worker IO Thread #1/INFO] [EaglercraftXBungee]: [/[0:0:0:0:0:0:0:1%0]:43182]: Origin header is https://localhost:8081
[04:24:11] [Netty Worker IO Thread #0/INFO] [EaglercraftXBungee]: [/[0:0:0:0:0:0:0:1%0]:43174]: Logged in as 'Mr_Hugs'
[04:24:11] [Netty Worker IO Thread #0/INFO]: [/[0:0:0:0:0:0:0:1%0]:43174|Mr_Hugs] -> UpstreamBridge has connected
[04:24:11] [Netty Worker IO Thread #0/INFO]: [Mr_Hugs|/[0:0:0:0:0:0:0:1%0]:43174] <-> ServerConnector [lobby] has connected
[04:24:11] [Netty Worker IO Thread #1/INFO] [EaglercraftXBungee]: [/[0:0:0:0:0:0:0:1%0]:43182]: Logged in as 'black_lock_ash'
[04:24:11] [Netty Worker IO Thread #1/INFO]: [/[0:0:0:0:0:0:0:1%0]:43182|black_lock_ash] -> UpstreamBridge has connected
[04:24:11] [Netty Worker IO Thread #1/INFO]: [black_lock_ash|/[0:0:0:0:0:0:0:1%0]:43182] <-> ServerConnector [lobby] has connected
[04:24:14] [Netty Worker IO Thread #1/INFO]: [/[0:0:0:0:0:0:0:1%0]:43182|black_lock_ash] -> UpstreamBridge has disconnected
[04:24:14] [Netty Worker IO Thread #1/INFO]: [black_lock_ash] disconnected with: Proxy lost connection to server.
[04:24:14] [Netty Worker IO Thread #1/INFO]: [/[0:0:0:0:0:0:0:1%0]:43182|black_lock_ash] <-> DownstreamBridge <-> [lobby] has disconnected
[04:24:22] [Netty Worker IO Thread #2/INFO] [EaglercraftXBungee]: [/[0:0:0:0:0:0:0:1%0]:46184]: Connected via websocket
[04:24:22] [Netty Worker IO Thread #2/INFO] [EaglercraftXBungee]: [/[0:0:0:0:0:0:0:1%0]:46184]: Origin header is https://localhost:8081
[04:24:22] [Netty Worker IO Thread #2/INFO] [EaglercraftXBungee]: [/[0:0:0:0:0:0:0:1%0]:46184]: Logged in as 'black_lock_ash'
[04:24:22] [Netty Worker IO Thread #2/INFO]: [/[0:0:0:0:0:0:0:1%0]:46184|black_lock_ash] -> UpstreamBridge has connected
[04:24:22] [Netty Worker IO Thread #2/INFO]: [black_lock_ash|/[0:0:0:0:0:0:0:1%0]:46184] <-> ServerConnector [lobby] has connected
[04:24:26] [Netty Worker IO Thread #3/INFO] [EaglercraftXBungee]: [/[0:0:0:0:0:0:0:1%0]:46162]: Connected via websocket
[04:24:26] [Netty Worker IO Thread #3/INFO] [EaglercraftXBungee]: [/[0:0:0:0:0:0:0:1%0]:46162]: Origin header is https://elephantkid.github.io
[04:24:26] [Netty Worker IO Thread #3/INFO] [EaglercraftXBungee]: [/[0:0:0:0:0:0:0:1%0]:46162]: Logged in as 'kitncake_12'
[04:24:26] [Netty Worker IO Thread #3/INFO]: [/[0:0:0:0:0:0:0:1%0]:46162|kitncake_12] -> UpstreamBridge has connected
[04:24:26] [Netty Worker IO Thread #3/INFO]: [kitncake_12|/[0:0:0:0:0:0:0:1%0]:46162] <-> ServerConnector [lobby] has connected
[04:24:35] [Netty Worker IO Thread #3/INFO]: [/[0:0:0:0:0:0:0:1%0]:46162|kitncake_12] -> UpstreamBridge has disconnected
[04:24:35] [Netty Worker IO Thread #3/INFO]: [kitncake_12] disconnected with: Proxy lost connection to server.
[04:24:35] [Netty Worker IO Thread #3/INFO]: [/[0:0:0:0:0:0:0:1%0]:46162|kitncake_12] <-> DownstreamBridge <-> [lobby] has disconnected
[04:24:46] [Netty Worker IO Thread #0/INFO] [EaglercraftXBungee]: [/[0:0:0:0:0:0:0:1%0]:37862]: Connected via websocket
[04:24:46] [Netty Worker IO Thread #0/INFO] [EaglercraftXBungee]: [/[0:0:0:0:0:0:0:1%0]:37862]: Origin header is https://elephantkid.github.io
[04:24:46] [Netty Worker IO Thread #0/INFO] [EaglercraftXBungee]: [/[0:0:0:0:0:0:0:1%0]:37862]: Logged in as 'kitncake_12'
[04:24:46] [Netty Worker IO Thread #0/INFO]: [/[0:0:0:0:0:0:0:1%0]:37862|kitncake_12] -> UpstreamBridge has connected
[04:24:46] [Netty Worker IO Thread #0/INFO]: [kitncake_12|/[0:0:0:0:0:0:0:1%0]:37862] <-> ServerConnector [lobby] has connected
[04:25:01] [Netty Worker IO Thread #2/INFO] [EaglercraftXBungee]: [/[0:0:0:0:0:0:0:1%0]:52972]: Connected via websocket
[04:25:01] [Netty Worker IO Thread #2/INFO] [EaglercraftXBungee]: [/[0:0:0:0:0:0:0:1%0]:52972]: Origin header is https://elephantkid.github.io
[04:25:01] [Netty Worker IO Thread #2/INFO] [EaglercraftXBungee]: [/[0:0:0:0:0:0:0:1%0]:52972]: Logged in as 'Destructive_Bob'
[04:25:01] [Netty Worker IO Thread #2/INFO]: [/[0:0:0:0:0:0:0:1%0]:52972|Destructive_Bob] -> UpstreamBridge has connected
[04:25:01] [Netty Worker IO Thread #2/INFO]: [Destructive_Bob|/[0:0:0:0:0:0:0:1%0]:52972] <-> ServerConnector [lobby] has connected
[04:25:15] [Netty Worker IO Thread #2/INFO]: [/[0:0:0:0:0:0:0:1%0]:52972|Destructive_Bob] -> UpstreamBridge has disconnected
[04:25:15] [Netty Worker IO Thread #2/INFO]: [Destructive_Bob] disconnected with: Proxy lost connection to server.
[04:25:15] [Netty Worker IO Thread #2/INFO]: [/[0:0:0:0:0:0:0:1%0]:52972|Destructive_Bob] <-> DownstreamBridge <-> [lobby] has disconnected
[04:25:17] [Netty Worker IO Thread #0/INFO]: [kitncake_12] disconnected with: Login timed out!
[04:25:17] [Netty Worker IO Thread #0/INFO]: [/[0:0:0:0:0:0:0:1%0]:37862|kitncake_12] -> UpstreamBridge has disconnected
[04:25:17] [Netty Worker IO Thread #0/INFO]: [/[0:0:0:0:0:0:0:1%0]:37862|kitncake_12] <-> DownstreamBridge <-> [lobby] has disconnected
[04:25:42] [Netty Worker IO Thread #3/INFO] [EaglercraftXBungee]: [/[0:0:0:0:0:0:0:1%0]:43638]: Connected via websocket
[04:25:42] [Netty Worker IO Thread #3/INFO] [EaglercraftXBungee]: [/[0:0:0:0:0:0:0:1%0]:43638]: Origin header is https://elephantkid.github.io
[04:25:42] [Netty Worker IO Thread #3/INFO] [EaglercraftXBungee]: [/[0:0:0:0:0:0:0:1%0]:43638]: Logged in as 'kitncake_12'
[04:25:42] [Netty Worker IO Thread #3/INFO]: [/[0:0:0:0:0:0:0:1%0]:43638|kitncake_12] -> UpstreamBridge has connected
[04:25:42] [Netty Worker IO Thread #3/INFO]: [kitncake_12|/[0:0:0:0:0:0:0:1%0]:43638] <-> ServerConnector [lobby] has connected
[04:25:43] [Netty Worker IO Thread #0/INFO] [EaglercraftXBungee]: [/[0:0:0:0:0:0:0:1%0]:43646]: Connected via websocket
[04:25:43] [Netty Worker IO Thread #0/INFO] [EaglercraftXBungee]: [/[0:0:0:0:0:0:0:1%0]:43646]: Origin header is https://elephantkid.github.io
[04:25:43] [Netty Worker IO Thread #0/INFO] [EaglercraftXBungee]: [/[0:0:0:0:0:0:0:1%0]:43646]: Logged in as 'Boy_of_hammy'
[04:25:43] [Netty Worker IO Thread #0/INFO]: [/[0:0:0:0:0:0:0:1%0]:43646|Boy_of_hammy] -> UpstreamBridge has connected
[04:25:43] [Netty Worker IO Thread #0/INFO]: [Boy_of_hammy|/[0:0:0:0:0:0:0:1%0]:43646] <-> ServerConnector [lobby] has connected
[04:25:43] [Netty Worker IO Thread #1/INFO] [EaglercraftXBungee]: [/[0:0:0:0:0:0:0:1%0]:43652]: Connected via websocket
[04:25:43] [Netty Worker IO Thread #1/INFO] [EaglercraftXBungee]: [/[0:0:0:0:0:0:0:1%0]:43652]: Origin header is https://elephantkid.github.io
[04:25:43] [Netty Worker IO Thread #1/INFO] [EaglercraftXBungee]: [/[0:0:0:0:0:0:0:1%0]:43652]: Logged in as 'Destructive_Bob'
[04:25:43] [Netty Worker IO Thread #1/INFO]: [/[0:0:0:0:0:0:0:1%0]:43652|Destructive_Bob] -> UpstreamBridge has connected
[04:25:43] [Netty Worker IO Thread #1/INFO]: [Destructive_Bob|/[0:0:0:0:0:0:0:1%0]:43652] <-> ServerConnector [lobby] has connected
[04:26:12] [Netty Worker IO Thread #0/INFO] [EaglercraftXBungee]: [/[0:0:0:0:0:0:0:1%0]:43938]: Connected via websocket
[04:26:12] [Netty Worker IO Thread #0/INFO] [EaglercraftXBungee]: [/[0:0:0:0:0:0:0:1%0]:43938]: Origin header is https://elephantkid.github.io
[04:26:12] [Netty Worker IO Thread #0/INFO] [EaglercraftXBungee]: [/[0:0:0:0:0:0:0:1%0]:43938]: Logged in as 'xXSam_PlayzXx'
[04:26:12] [Netty Worker IO Thread #0/INFO]: [/[0:0:0:0:0:0:0:1%0]:43938|xXSam_PlayzXx] -> UpstreamBridge has connected
[04:26:12] [Netty Worker IO Thread #0/INFO]: [xXSam_PlayzXx|/[0:0:0:0:0:0:0:1%0]:43938] <-> ServerConnector [lobby] has connected
[04:28:21] [Netty Worker IO Thread #1/INFO]: [/[0:0:0:0:0:0:0:1%0]:43652|Destructive_Bob] -> UpstreamBridge has disconnected
[04:28:21] [Netty Worker IO Thread #1/INFO]: [Destructive_Bob] disconnected with: Proxy lost connection to server.
[04:28:21] [Netty Worker IO Thread #1/INFO]: [/[0:0:0:0:0:0:0:1%0]:43652|Destructive_Bob] <-> DownstreamBridge <-> [lobby] has disconnected
[04:28:27] [Netty Worker IO Thread #2/INFO] [EaglercraftXBungee]: [/[0:0:0:0:0:0:0:1%0]:49044]: Connected via websocket
[04:28:27] [Netty Worker IO Thread #2/INFO] [EaglercraftXBungee]: [/[0:0:0:0:0:0:0:1%0]:49044]: Origin header is https://elephantkid.github.io
[04:28:27] [Netty Worker IO Thread #2/INFO] [EaglercraftXBungee]: [/[0:0:0:0:0:0:0:1%0]:49044]: Logged in as 'Destructive_Bob'
[04:28:27] [Netty Worker IO Thread #2/INFO]: [/[0:0:0:0:0:0:0:1%0]:49044|Destructive_Bob] -> UpstreamBridge has connected
[04:28:27] [Netty Worker IO Thread #2/INFO]: [Destructive_Bob|/[0:0:0:0:0:0:0:1%0]:49044] <-> ServerConnector [lobby] has connected
[04:28:58] [Netty Worker IO Thread #2/INFO]: [Destructive_Bob] disconnected with: Login timed out!
[04:28:58] [Netty Worker IO Thread #2/INFO]: [/[0:0:0:0:0:0:0:1%0]:49044|Destructive_Bob] -> UpstreamBridge has disconnected
[04:28:58] [Netty Worker IO Thread #2/INFO]: [/[0:0:0:0:0:0:0:1%0]:49044|Destructive_Bob] <-> DownstreamBridge <-> [lobby] has disconnected
[04:29:02] [Netty Worker IO Thread #3/INFO] [EaglercraftXBungee]: [/[0:0:0:0:0:0:0:1%0]:48910]: Connected via websocket
[04:29:02] [Netty Worker IO Thread #3/INFO] [EaglercraftXBungee]: [/[0:0:0:0:0:0:0:1%0]:48910]: Origin header is https://elephantkid.github.io
[04:29:03] [Netty Worker IO Thread #3/INFO] [EaglercraftXBungee]: [/[0:0:0:0:0:0:0:1%0]:48910]: Logged in as 'Destructive_Bob'
[04:29:03] [Netty Worker IO Thread #3/INFO]: [/[0:0:0:0:0:0:0:1%0]:48910|Destructive_Bob] -> UpstreamBridge has connected
[04:29:03] [Netty Worker IO Thread #3/INFO]: [Destructive_Bob|/[0:0:0:0:0:0:0:1%0]:48910] <-> ServerConnector [lobby] has connected
[04:29:13] [Netty Worker IO Thread #3/INFO]: [/[0:0:0:0:0:0:0:1%0]:48910|Destructive_Bob] -> UpstreamBridge has disconnected
[04:29:13] [Netty Worker IO Thread #3/INFO]: [Destructive_Bob] disconnected with: Proxy lost connection to server.
[04:29:13] [Netty Worker IO Thread #3/INFO]: [/[0:0:0:0:0:0:0:1%0]:48910|Destructive_Bob] <-> DownstreamBridge <-> [lobby] has disconnected
[04:29:17] [Netty Worker IO Thread #0/INFO] [EaglercraftXBungee]: [/[0:0:0:0:0:0:0:1%0]:51524]: Connected via websocket
[04:29:17] [Netty Worker IO Thread #0/INFO] [EaglercraftXBungee]: [/[0:0:0:0:0:0:0:1%0]:51524]: Origin header is https://elephantkid.github.io
[04:29:17] [Netty Worker IO Thread #0/INFO] [EaglercraftXBungee]: [/[0:0:0:0:0:0:0:1%0]:51524]: Logged in as 'Destructive_Bob'
[04:29:17] [Netty Worker IO Thread #0/INFO]: [/[0:0:0:0:0:0:0:1%0]:51524|Destructive_Bob] -> UpstreamBridge has connected
[04:29:17] [Netty Worker IO Thread #0/INFO]: [Destructive_Bob|/[0:0:0:0:0:0:0:1%0]:51524] <-> ServerConnector [lobby] has connected
[04:31:50] [Netty Worker IO Thread #0/INFO]: [/[0:0:0:0:0:0:0:1%0]:43646|Boy_of_hammy] -> UpstreamBridge has disconnected
[04:31:50] [Netty Worker IO Thread #0/INFO]: [Boy_of_hammy] disconnected with: Proxy lost connection to server.
[04:31:50] [Netty Worker IO Thread #0/INFO]: [/[0:0:0:0:0:0:0:1%0]:43646|Boy_of_hammy] <-> DownstreamBridge <-> [lobby] has disconnected
[04:34:10] [Netty Worker IO Thread #0/INFO] [EaglercraftXBungee]: [/[0:0:0:0:0:0:0:1%0]:45972]: Connected via websocket
[04:34:10] [Netty Worker IO Thread #0/INFO] [EaglercraftXBungee]: [/[0:0:0:0:0:0:0:1%0]:45972]: Origin header is https://elephantkid.github.io
[04:34:10] [Netty Worker IO Thread #0/INFO] [EaglercraftXBungee]: [/[0:0:0:0:0:0:0:1%0]:45972]: Logged in as 'GooGod'
[04:34:10] [Netty Worker IO Thread #0/INFO]: [/[0:0:0:0:0:0:0:1%0]:45972|GooGod] -> UpstreamBridge has connected
[04:34:10] [Netty Worker IO Thread #0/INFO]: [GooGod|/[0:0:0:0:0:0:0:1%0]:45972] <-> ServerConnector [lobby] has connected
[04:34:32] [Netty Worker IO Thread #0/INFO]: [/[0:0:0:0:0:0:0:1%0]:45972|GooGod] -> UpstreamBridge has disconnected
[04:34:32] [Netty Worker IO Thread #0/INFO]: [GooGod] disconnected with: Proxy lost connection to server.
[04:34:32] [Netty Worker IO Thread #0/INFO]: [/[0:0:0:0:0:0:0:1%0]:45972|GooGod] <-> DownstreamBridge <-> [lobby] has disconnected
[04:34:38] [Netty Worker IO Thread #1/INFO] [EaglercraftXBungee]: [/[0:0:0:0:0:0:0:1%0]:51336]: Connected via websocket
[04:34:38] [Netty Worker IO Thread #1/INFO] [EaglercraftXBungee]: [/[0:0:0:0:0:0:0:1%0]:51336]: Origin header is https://elephantkid.github.io
[04:34:38] [Netty Worker IO Thread #1/INFO] [EaglercraftXBungee]: [/[0:0:0:0:0:0:0:1%0]:51336]: Logged in as 'GooGod'
[04:34:38] [Netty Worker IO Thread #1/INFO]: [/[0:0:0:0:0:0:0:1%0]:51336|GooGod] -> UpstreamBridge has connected
[04:34:38] [Netty Worker IO Thread #1/INFO]: [GooGod|/[0:0:0:0:0:0:0:1%0]:51336] <-> ServerConnector [lobby] has connected
[04:34:39] [Netty Worker IO Thread #1/INFO]: [/[0:0:0:0:0:0:0:1%0]:51336|GooGod] -> UpstreamBridge has disconnected
[04:34:39] [Netty Worker IO Thread #1/INFO]: [GooGod] disconnected with: Proxy lost connection to server.
[04:34:39] [Netty Worker IO Thread #1/INFO]: [/[0:0:0:0:0:0:0:1%0]:51336|GooGod] <-> DownstreamBridge <-> [lobby] has disconnected
[04:34:43] [Netty Worker IO Thread #2/INFO] [EaglercraftXBungee]: [/[0:0:0:0:0:0:0:1%0]:59418]: Connected via websocket
[04:34:43] [Netty Worker IO Thread #2/INFO] [EaglercraftXBungee]: [/[0:0:0:0:0:0:0:1%0]:59418]: Origin header is https://elephantkid.github.io
[04:34:43] [Netty Worker IO Thread #2/INFO] [EaglercraftXBungee]: [/[0:0:0:0:0:0:0:1%0]:59418]: Logged in as 'GooGod'
[04:34:43] [Netty Worker IO Thread #2/INFO]: [/[0:0:0:0:0:0:0:1%0]:59418|GooGod] -> UpstreamBridge has connected
[04:34:43] [Netty Worker IO Thread #2/INFO]: [GooGod|/[0:0:0:0:0:0:0:1%0]:59418] <-> ServerConnector [lobby] has connected
[04:34:54] [Netty Worker IO Thread #2/INFO]: [/[0:0:0:0:0:0:0:1%0]:59418|GooGod] -> UpstreamBridge has disconnected
[04:34:54] [Netty Worker IO Thread #2/INFO]: [GooGod] disconnected with: Proxy lost connection to server.
[04:34:54] [Netty Worker IO Thread #2/INFO]: [/[0:0:0:0:0:0:0:1%0]:59418|GooGod] <-> DownstreamBridge <-> [lobby] has disconnected
[04:36:05] [Netty Worker IO Thread #3/INFO] [EaglercraftXBungee]: [/[0:0:0:0:0:0:0:1%0]:50646]: Connected via websocket
[04:36:05] [Netty Worker IO Thread #3/INFO] [EaglercraftXBungee]: [/[0:0:0:0:0:0:0:1%0]:50646]: Origin header is https://localhost:8081
[04:36:06] [Netty Worker IO Thread #3/INFO] [EaglercraftXBungee]: [/[0:0:0:0:0:0:0:1%0]:50646]: Logged in as 'RedJumper'
[04:36:06] [Netty Worker IO Thread #3/INFO]: [/[0:0:0:0:0:0:0:1%0]:50646|RedJumper] -> UpstreamBridge has connected
[04:36:06] [Netty Worker IO Thread #3/INFO]: [RedJumper|/[0:0:0:0:0:0:0:1%0]:50646] <-> ServerConnector [lobby] has connected
[04:37:19] [Netty Worker IO Thread #0/INFO]: [/[0:0:0:0:0:0:0:1%0]:51524|Destructive_Bob] -> UpstreamBridge has disconnected
[04:37:19] [Netty Worker IO Thread #0/INFO]: [Destructive_Bob] disconnected with: Proxy lost connection to server.
[04:37:19] [Netty Worker IO Thread #0/INFO]: [/[0:0:0:0:0:0:0:1%0]:51524|Destructive_Bob] <-> DownstreamBridge <-> [lobby] has disconnected
[04:38:30] [Netty Worker IO Thread #1/INFO]: [/[0:0:0:0:0:0:0:1%0]:55708|mashallah___] -> UpstreamBridge has disconnected
[04:38:30] [Netty Worker IO Thread #1/INFO]: [mashallah___] disconnected with: Proxy lost connection to server.
[04:38:30] [Netty Worker IO Thread #1/INFO]: [/[0:0:0:0:0:0:0:1%0]:55708|mashallah___] <-> DownstreamBridge <-> [lobby] has disconnected
[04:39:26] [Netty Worker IO Thread #0/INFO] [EaglercraftXBungee]: [/[0:0:0:0:0:0:0:1%0]:33330]: Connected via websocket
[04:39:26] [Netty Worker IO Thread #0/INFO] [EaglercraftXBungee]: [/[0:0:0:0:0:0:0:1%0]:33330]: Origin header is https://elephantkid.github.io
[04:39:26] [Netty Worker IO Thread #0/INFO] [EaglercraftXBungee]: [/[0:0:0:0:0:0:0:1%0]:33330]: Logged in as 'mashallah___'
[04:39:26] [Netty Worker IO Thread #0/INFO]: [/[0:0:0:0:0:0:0:1%0]:33330|mashallah___] -> UpstreamBridge has connected
[04:39:26] [Netty Worker IO Thread #0/INFO]: [mashallah___|/[0:0:0:0:0:0:0:1%0]:33330] <-> ServerConnector [lobby] has connected
[04:42:04] [Netty Worker IO Thread #1/INFO] [EaglercraftXBungee]: [/[0:0:0:0:0:0:0:1%0]:32806]: Connected via websocket
[04:42:04] [Netty Worker IO Thread #1/INFO] [EaglercraftXBungee]: [/[0:0:0:0:0:0:0:1%0]:32806]: Origin header is https://elephantkid.github.io
[04:42:05] [Netty Worker IO Thread #1/INFO] [EaglercraftXBungee]: [/[0:0:0:0:0:0:0:1%0]:32806]: Logged in as 'BigDickPerson'
[04:42:05] [Netty Worker IO Thread #1/INFO]: [/[0:0:0:0:0:0:0:1%0]:32806|BigDickPerson] -> UpstreamBridge has connected
[04:42:05] [Netty Worker IO Thread #1/INFO]: [BigDickPerson|/[0:0:0:0:0:0:0:1%0]:32806] <-> ServerConnector [lobby] has connected
[04:42:35] [Netty Worker IO Thread #1/INFO]: [/[0:0:0:0:0:0:0:1%0]:32806|BigDickPerson] -> UpstreamBridge has disconnected
[04:42:35] [Netty Worker IO Thread #1/INFO]: [BigDickPerson] disconnected with: Proxy lost connection to server.
[04:42:35] [Netty Worker IO Thread #1/INFO]: [/[0:0:0:0:0:0:0:1%0]:32806|BigDickPerson] <-> DownstreamBridge <-> [lobby] has disconnected
[04:43:26] [Netty Worker IO Thread #0/INFO]: [/[0:0:0:0:0:0:0:1%0]:43938|xXSam_PlayzXx] -> UpstreamBridge has disconnected
[04:43:26] [Netty Worker IO Thread #0/INFO]: [xXSam_PlayzXx] disconnected with: Proxy lost connection to server.
[04:43:26] [Netty Worker IO Thread #0/INFO]: [/[0:0:0:0:0:0:0:1%0]:43938|xXSam_PlayzXx] <-> DownstreamBridge <-> [lobby] has disconnected
[04:45:41] [Netty Worker IO Thread #3/INFO] [EaglercraftXBungee]: [/[0:0:0:0:0:0:0:1%0]:33956]: Connected via websocket
[04:45:41] [Netty Worker IO Thread #3/INFO] [EaglercraftXBungee]: [/[0:0:0:0:0:0:0:1%0]:33956]: Origin header is https://elephantkid.github.io
[04:45:41] [Netty Worker IO Thread #3/INFO] [EaglercraftXBungee]: [/[0:0:0:0:0:0:0:1%0]:33956]: Logged in as 'xXSam_PlayzXx'
[04:45:41] [Netty Worker IO Thread #3/INFO]: [/[0:0:0:0:0:0:0:1%0]:33956|xXSam_PlayzXx] -> UpstreamBridge has connected
[04:45:41] [Netty Worker IO Thread #3/INFO]: [xXSam_PlayzXx|/[0:0:0:0:0:0:0:1%0]:33956] <-> ServerConnector [lobby] has connected
[04:46:24] [Netty Worker IO Thread #0/INFO] [EaglercraftXBungee]: [/[0:0:0:0:0:0:0:1%0]:46744]: Connected via websocket
[04:46:24] [Netty Worker IO Thread #0/INFO] [EaglercraftXBungee]: [/[0:0:0:0:0:0:0:1%0]:46744]: Origin header is https://elephantkid.github.io
[04:46:24] [Netty Worker IO Thread #0/INFO] [EaglercraftXBungee]: [/[0:0:0:0:0:0:0:1%0]:46744]: Logged in as 'BigDickPerson'
[04:46:24] [Netty Worker IO Thread #0/INFO]: [/[0:0:0:0:0:0:0:1%0]:46744|BigDickPerson] -> UpstreamBridge has connected
[04:46:24] [Netty Worker IO Thread #0/INFO]: [BigDickPerson|/[0:0:0:0:0:0:0:1%0]:46744] <-> ServerConnector [lobby] has connected
[04:46:44] [Netty Worker IO Thread #0/INFO]: [/[0:0:0:0:0:0:0:1%0]:46744|BigDickPerson] -> UpstreamBridge has disconnected
[04:46:44] [Netty Worker IO Thread #0/INFO]: [BigDickPerson] disconnected with: Proxy lost connection to server.
[04:46:44] [Netty Worker IO Thread #0/INFO]: [/[0:0:0:0:0:0:0:1%0]:46744|BigDickPerson] <-> DownstreamBridge <-> [lobby] has disconnected
[04:46:47] [Netty Worker IO Thread #1/INFO] [EaglercraftXBungee]: [/[0:0:0:0:0:0:0:1%0]:51608]: Connected via websocket
[04:46:47] [Netty Worker IO Thread #1/INFO] [EaglercraftXBungee]: [/[0:0:0:0:0:0:0:1%0]:51608]: Origin header is https://elephantkid.github.io
[04:46:48] [Netty Worker IO Thread #1/INFO] [EaglercraftXBungee]: [/[0:0:0:0:0:0:0:1%0]:51608]: Logged in as 'BigDickPerson'
[04:46:48] [Netty Worker IO Thread #1/INFO]: [/[0:0:0:0:0:0:0:1%0]:51608|BigDickPerson] -> UpstreamBridge has connected
[04:46:48] [Netty Worker IO Thread #1/INFO]: [BigDickPerson|/[0:0:0:0:0:0:0:1%0]:51608] <-> ServerConnector [lobby] has connected
[04:46:54] [Netty Worker IO Thread #1/INFO]: [/[0:0:0:0:0:0:0:1%0]:51608|BigDickPerson] -> UpstreamBridge has disconnected
[04:46:54] [Netty Worker IO Thread #1/INFO]: [BigDickPerson] disconnected with: Proxy lost connection to server.
[04:46:54] [Netty Worker IO Thread #1/INFO]: [/[0:0:0:0:0:0:0:1%0]:51608|BigDickPerson] <-> DownstreamBridge <-> [lobby] has disconnected
[04:46:57] [Netty Worker IO Thread #2/INFO] [EaglercraftXBungee]: [/[0:0:0:0:0:0:0:1%0]:56714]: Connected via websocket
[04:46:57] [Netty Worker IO Thread #2/INFO] [EaglercraftXBungee]: [/[0:0:0:0:0:0:0:1%0]:56714]: Origin header is https://elephantkid.github.io
[04:46:57] [Netty Worker IO Thread #2/INFO] [EaglercraftXBungee]: [/[0:0:0:0:0:0:0:1%0]:56714]: Logged in as 'BigDickPerson'
[04:46:57] [Netty Worker IO Thread #2/INFO]: [/[0:0:0:0:0:0:0:1%0]:56714|BigDickPerson] -> UpstreamBridge has connected
[04:46:57] [Netty Worker IO Thread #2/INFO]: [BigDickPerson|/[0:0:0:0:0:0:0:1%0]:56714] <-> ServerConnector [lobby] has connected
[04:48:32] [Netty Worker IO Thread #2/INFO]: [/[0:0:0:0:0:0:0:1%0]:56714|BigDickPerson] -> UpstreamBridge has disconnected
[04:48:32] [Netty Worker IO Thread #2/INFO]: [BigDickPerson] disconnected with: Proxy lost connection to server.
[04:48:32] [Netty Worker IO Thread #2/INFO]: [/[0:0:0:0:0:0:0:1%0]:56714|BigDickPerson] <-> DownstreamBridge <-> [lobby] has disconnected
[04:50:23] [Netty Worker IO Thread #3/INFO]: [/[0:0:0:0:0:0:0:1%0]:50646|RedJumper] -> UpstreamBridge has disconnected
[04:50:23] [Netty Worker IO Thread #3/INFO]: [RedJumper] disconnected with: Proxy lost connection to server.
[04:50:23] [Netty Worker IO Thread #3/INFO]: [/[0:0:0:0:0:0:0:1%0]:50646|RedJumper] <-> DownstreamBridge <-> [lobby] has disconnected
[04:52:58] [Netty Worker IO Thread #0/INFO] [EaglercraftXBungee]: [/[0:0:0:0:0:0:0:1%0]:39618]: Connected via websocket
[04:52:58] [Netty Worker IO Thread #0/INFO] [EaglercraftXBungee]: [/[0:0:0:0:0:0:0:1%0]:39618]: Origin header is https://elephantkid.github.io
[04:52:58] [Netty Worker IO Thread #0/INFO] [EaglercraftXBungee]: [/[0:0:0:0:0:0:0:1%0]:39618]: Logged in as 'BigDickPerson'
[04:52:58] [Netty Worker IO Thread #0/INFO]: [/[0:0:0:0:0:0:0:1%0]:39618|BigDickPerson] -> UpstreamBridge has connected
[04:52:58] [Netty Worker IO Thread #0/INFO]: [BigDickPerson|/[0:0:0:0:0:0:0:1%0]:39618] <-> ServerConnector [lobby] has connected
[04:53:15] [Netty Worker IO Thread #0/INFO]: [/[0:0:0:0:0:0:0:1%0]:39618|BigDickPerson] -> UpstreamBridge has disconnected
[04:53:15] [Netty Worker IO Thread #0/INFO]: [BigDickPerson] disconnected with: Proxy lost connection to server.
[04:53:15] [Netty Worker IO Thread #0/INFO]: [/[0:0:0:0:0:0:0:1%0]:39618|BigDickPerson] <-> DownstreamBridge <-> [lobby] has disconnected
[04:53:19] [Netty Worker IO Thread #1/INFO] [EaglercraftXBungee]: [/[0:0:0:0:0:0:0:1%0]:41992]: Connected via websocket
[04:53:19] [Netty Worker IO Thread #1/INFO] [EaglercraftXBungee]: [/[0:0:0:0:0:0:0:1%0]:41992]: Origin header is https://elephantkid.github.io
[04:53:19] [Netty Worker IO Thread #1/INFO] [EaglercraftXBungee]: [/[0:0:0:0:0:0:0:1%0]:41992]: Logged in as 'BigDickPerson'
[04:53:19] [Netty Worker IO Thread #1/INFO]: [/[0:0:0:0:0:0:0:1%0]:41992|BigDickPerson] -> UpstreamBridge has connected
[04:53:19] [Netty Worker IO Thread #1/INFO]: [BigDickPerson|/[0:0:0:0:0:0:0:1%0]:41992] <-> ServerConnector [lobby] has connected
[04:53:19] [Netty Worker IO Thread #1/INFO]: [/[0:0:0:0:0:0:0:1%0]:41992|BigDickPerson] -> UpstreamBridge has disconnected
[04:53:19] [Netty Worker IO Thread #1/INFO]: [BigDickPerson] disconnected with: Proxy lost connection to server.
[04:53:19] [Netty Worker IO Thread #1/INFO]: [/[0:0:0:0:0:0:0:1%0]:41992|BigDickPerson] <-> DownstreamBridge <-> [lobby] has disconnected
[04:53:24] [Netty Worker IO Thread #3/INFO] [EaglercraftXBungee]: [/[0:0:0:0:0:0:0:1%0]:33664]: Connected via websocket
[04:53:24] [Netty Worker IO Thread #3/INFO] [EaglercraftXBungee]: [/[0:0:0:0:0:0:0:1%0]:33664]: Origin header is https://elephantkid.github.io
[04:53:24] [Netty Worker IO Thread #3/INFO] [EaglercraftXBungee]: [/[0:0:0:0:0:0:0:1%0]:33664]: Logged in as 'BigDickPerson'
[04:53:24] [Netty Worker IO Thread #3/INFO]: [/[0:0:0:0:0:0:0:1%0]:33664|BigDickPerson] -> UpstreamBridge has connected
[04:53:24] [Netty Worker IO Thread #3/INFO]: [BigDickPerson|/[0:0:0:0:0:0:0:1%0]:33664] <-> ServerConnector [lobby] has connected
[04:53:29] [Netty Worker IO Thread #3/INFO]: [/[0:0:0:0:0:0:0:1%0]:33664|BigDickPerson] -> UpstreamBridge has disconnected
[04:53:29] [Netty Worker IO Thread #3/INFO]: [BigDickPerson] disconnected with: Proxy lost connection to server.
[04:53:29] [Netty Worker IO Thread #3/INFO]: [/[0:0:0:0:0:0:0:1%0]:33664|BigDickPerson] <-> DownstreamBridge <-> [lobby] has disconnected
[04:53:32] [Netty Worker IO Thread #0/INFO] [EaglercraftXBungee]: [/[0:0:0:0:0:0:0:1%0]:33672]: Connected via websocket
[04:53:32] [Netty Worker IO Thread #0/INFO] [EaglercraftXBungee]: [/[0:0:0:0:0:0:0:1%0]:33672]: Origin header is https://elephantkid.github.io
[04:53:32] [Netty Worker IO Thread #0/INFO] [EaglercraftXBungee]: [/[0:0:0:0:0:0:0:1%0]:33672]: Logged in as 'BigDickPerson'
[04:53:32] [Netty Worker IO Thread #0/INFO]: [/[0:0:0:0:0:0:0:1%0]:33672|BigDickPerson] -> UpstreamBridge has connected
[04:53:32] [Netty Worker IO Thread #0/INFO]: [BigDickPerson|/[0:0:0:0:0:0:0:1%0]:33672] <-> ServerConnector [lobby] has connected
[04:53:43] [Netty Worker IO Thread #0/INFO]: [/[0:0:0:0:0:0:0:1%0]:33672|BigDickPerson] -> UpstreamBridge has disconnected
[04:53:43] [Netty Worker IO Thread #0/INFO]: [BigDickPerson] disconnected with: Proxy lost connection to server.
[04:53:43] [Netty Worker IO Thread #0/INFO]: [/[0:0:0:0:0:0:0:1%0]:33672|BigDickPerson] <-> DownstreamBridge <-> [lobby] has disconnected
[04:55:20] [Netty Worker IO Thread #3/INFO] [EaglercraftXBungee]: [/[0:0:0:0:0:0:0:1%0]:48114]: Connected via websocket
[04:55:20] [Netty Worker IO Thread #3/INFO] [EaglercraftXBungee]: [/[0:0:0:0:0:0:0:1%0]:48114]: Origin header is https://elephantkid.github.io
[04:55:20] [Netty Worker IO Thread #3/INFO] [EaglercraftXBungee]: [/[0:0:0:0:0:0:0:1%0]:48114]: Logged in as 'BigDickPerson'
[04:55:20] [Netty Worker IO Thread #3/INFO]: [/[0:0:0:0:0:0:0:1%0]:48114|BigDickPerson] -> UpstreamBridge has connected
[04:55:20] [Netty Worker IO Thread #3/INFO]: [BigDickPerson|/[0:0:0:0:0:0:0:1%0]:48114] <-> ServerConnector [lobby] has connected
[04:55:28] [Netty Worker IO Thread #3/INFO]: [/[0:0:0:0:0:0:0:1%0]:48114|BigDickPerson] -> UpstreamBridge has disconnected
[04:55:28] [Netty Worker IO Thread #3/INFO]: [BigDickPerson] disconnected with: Proxy lost connection to server.
[04:55:28] [Netty Worker IO Thread #3/INFO]: [/[0:0:0:0:0:0:0:1%0]:48114|BigDickPerson] <-> DownstreamBridge <-> [lobby] has disconnected
[04:55:39] [Netty Worker IO Thread #0/INFO] [EaglercraftXBungee]: [/[0:0:0:0:0:0:0:1%0]:42620]: Connected via websocket
[04:55:39] [Netty Worker IO Thread #0/INFO] [EaglercraftXBungee]: [/[0:0:0:0:0:0:0:1%0]:42620]: Origin header is https://elephantkid.github.io
[04:55:39] [Netty Worker IO Thread #0/INFO] [EaglercraftXBungee]: [/[0:0:0:0:0:0:0:1%0]:42620]: Logged in as 'BigDickPerson'
[04:55:39] [Netty Worker IO Thread #0/INFO]: [/[0:0:0:0:0:0:0:1%0]:42620|BigDickPerson] -> UpstreamBridge has connected
[04:55:39] [Netty Worker IO Thread #0/INFO]: [BigDickPerson|/[0:0:0:0:0:0:0:1%0]:42620] <-> ServerConnector [lobby] has connected
[04:55:50] [Netty Worker IO Thread #0/INFO]: [/[0:0:0:0:0:0:0:1%0]:42620|BigDickPerson] -> UpstreamBridge has disconnected
[04:55:50] [Netty Worker IO Thread #0/INFO]: [BigDickPerson] disconnected with: Proxy lost connection to server.
[04:55:50] [Netty Worker IO Thread #0/INFO]: [/[0:0:0:0:0:0:0:1%0]:42620|BigDickPerson] <-> DownstreamBridge <-> [lobby] has disconnected
[04:55:53] [Netty Worker IO Thread #1/INFO] [EaglercraftXBungee]: [/[0:0:0:0:0:0:0:1%0]:36978]: Connected via websocket
[04:55:53] [Netty Worker IO Thread #1/INFO] [EaglercraftXBungee]: [/[0:0:0:0:0:0:0:1%0]:36978]: Origin header is https://elephantkid.github.io
[04:55:53] [Netty Worker IO Thread #1/INFO] [EaglercraftXBungee]: [/[0:0:0:0:0:0:0:1%0]:36978]: Logged in as 'BigDickPerson'
[04:55:53] [Netty Worker IO Thread #1/INFO]: [/[0:0:0:0:0:0:0:1%0]:36978|BigDickPerson] -> UpstreamBridge has connected
[04:55:53] [Netty Worker IO Thread #1/INFO]: [BigDickPerson|/[0:0:0:0:0:0:0:1%0]:36978] <-> ServerConnector [lobby] has connected
[04:56:08] [Netty Worker IO Thread #0/INFO]: [/[0:0:0:0:0:0:0:1%0]:43174|Mr_Hugs] -> UpstreamBridge has disconnected
[04:56:08] [Netty Worker IO Thread #0/INFO]: [Mr_Hugs] disconnected with: Proxy lost connection to server.
[04:56:08] [Netty Worker IO Thread #0/INFO]: [/[0:0:0:0:0:0:0:1%0]:43174|Mr_Hugs] <-> DownstreamBridge <-> [lobby] has disconnected
[04:57:31] [Netty Worker IO Thread #0/INFO] [EaglercraftXBungee]: [/[0:0:0:0:0:0:0:1%0]:50068]: Connected via websocket
[04:57:31] [Netty Worker IO Thread #0/INFO] [EaglercraftXBungee]: [/[0:0:0:0:0:0:0:1%0]:50068]: Origin header is https://elephantkid.github.io
[04:57:31] [Netty Worker IO Thread #0/INFO] [EaglercraftXBungee]: [/[0:0:0:0:0:0:0:1%0]:50068]: Logged in as 'Mr_dot'
[04:57:31] [Netty Worker IO Thread #0/INFO]: [/[0:0:0:0:0:0:0:1%0]:50068|Mr_dot] -> UpstreamBridge has connected
[04:57:31] [Netty Worker IO Thread #0/INFO]: [Mr_dot|/[0:0:0:0:0:0:0:1%0]:50068] <-> ServerConnector [lobby] has connected
[04:57:49] [Netty Worker IO Thread #1/INFO] [EaglercraftXBungee]: [/[0:0:0:0:0:0:0:1%0]:43236]: Connected via websocket
[04:57:49] [Netty Worker IO Thread #1/INFO] [EaglercraftXBungee]: [/[0:0:0:0:0:0:0:1%0]:43236]: Origin header is https://eaglercraft-archive.github.io
[04:57:49] [Netty Worker IO Thread #1/INFO] [EaglercraftXBungee]: [/[0:0:0:0:0:0:0:1%0]:43236]: Logged in as 'Mr_Hugs'
[04:57:49] [Netty Worker IO Thread #1/INFO]: [/[0:0:0:0:0:0:0:1%0]:43236|Mr_Hugs] -> UpstreamBridge has connected
[04:57:49] [Netty Worker IO Thread #1/INFO]: [Mr_Hugs|/[0:0:0:0:0:0:0:1%0]:43236] <-> ServerConnector [lobby] has connected
[04:59:57] [Netty Worker IO Thread #1/INFO]: [/[0:0:0:0:0:0:0:1%0]:36978|BigDickPerson] -> UpstreamBridge has disconnected
[04:59:57] [Netty Worker IO Thread #1/INFO]: [BigDickPerson] disconnected with: Proxy lost connection to server.
[04:59:57] [Netty Worker IO Thread #1/INFO]: [/[0:0:0:0:0:0:0:1%0]:36978|BigDickPerson] <-> DownstreamBridge <-> [lobby] has disconnected
[05:05:53] [Netty Worker IO Thread #3/INFO] [EaglercraftXBungee]: [/[0:0:0:0:0:0:0:1%0]:55114]: Connected via websocket
[05:05:53] [Netty Worker IO Thread #3/INFO] [EaglercraftXBungee]: [/[0:0:0:0:0:0:0:1%0]:55114]: Origin header is https://elephantkid.github.io
[05:05:53] [Netty Worker IO Thread #3/INFO] [EaglercraftXBungee]: [/[0:0:0:0:0:0:0:1%0]:55114]: Logged in as 'BigDickPerson'
[05:05:53] [Netty Worker IO Thread #3/INFO]: [/[0:0:0:0:0:0:0:1%0]:55114|BigDickPerson] -> UpstreamBridge has connected
[05:05:53] [Netty Worker IO Thread #3/INFO]: [BigDickPerson|/[0:0:0:0:0:0:0:1%0]:55114] <-> ServerConnector [lobby] has connected
[05:06:32] [Netty Worker IO Thread #0/INFO] [EaglercraftXBungee]: [/[0:0:0:0:0:0:0:1%0]:35794]: Connected via websocket
[05:06:32] [Netty Worker IO Thread #0/INFO] [EaglercraftXBungee]: [/[0:0:0:0:0:0:0:1%0]:35794]: Origin header is https://elephantkid.github.io
[05:06:32] [Netty Worker IO Thread #0/INFO] [EaglercraftXBungee]: [/[0:0:0:0:0:0:0:1%0]:35794]: Logged in as 'Destructive_Bob'
[05:06:32] [Netty Worker IO Thread #0/INFO]: [/[0:0:0:0:0:0:0:1%0]:35794|Destructive_Bob] -> UpstreamBridge has connected
[05:06:32] [Netty Worker IO Thread #0/INFO]: [Destructive_Bob|/[0:0:0:0:0:0:0:1%0]:35794] <-> ServerConnector [lobby] has connected
[05:07:11] [Netty Worker IO Thread #3/INFO]: [/[0:0:0:0:0:0:0:1%0]:55114|BigDickPerson] -> UpstreamBridge has disconnected
[05:07:11] [Netty Worker IO Thread #3/INFO]: [BigDickPerson] disconnected with: Proxy lost connection to server.
[05:07:11] [Netty Worker IO Thread #3/INFO]: [/[0:0:0:0:0:0:0:1%0]:55114|BigDickPerson] <-> DownstreamBridge <-> [lobby] has disconnected
[05:11:19] [Netty Worker IO Thread #3/INFO]: [/[0:0:0:0:0:0:0:1%0]:33956|xXSam_PlayzXx] -> UpstreamBridge has disconnected
[05:11:19] [Netty Worker IO Thread #3/INFO]: [xXSam_PlayzXx] disconnected with: Proxy lost connection to server.
[05:11:19] [Netty Worker IO Thread #3/INFO]: [/[0:0:0:0:0:0:0:1%0]:33956|xXSam_PlayzXx] <-> DownstreamBridge <-> [lobby] has disconnected
[05:13:08] [Netty Worker IO Thread #3/INFO]: [/[0:0:0:0:0:0:0:1%0]:43638|kitncake_12] -> UpstreamBridge has disconnected
[05:13:08] [Netty Worker IO Thread #3/INFO]: [kitncake_12] disconnected with: Proxy lost connection to server.
[05:13:08] [Netty Worker IO Thread #3/INFO]: [/[0:0:0:0:0:0:0:1%0]:43638|kitncake_12] <-> DownstreamBridge <-> [lobby] has disconnected
[05:13:08] [Netty Worker IO Thread #0/INFO]: [/[0:0:0:0:0:0:0:1%0]:33330|mashallah___] -> UpstreamBridge has disconnected
[05:13:08] [Netty Worker IO Thread #0/INFO]: [mashallah___] disconnected with: Proxy lost connection to server.
[05:13:08] [Netty Worker IO Thread #0/INFO]: [/[0:0:0:0:0:0:0:1%0]:33330|mashallah___] <-> DownstreamBridge <-> [lobby] has disconnected
[05:13:09] [Netty Worker IO Thread #2/INFO]: [/[0:0:0:0:0:0:0:1%0]:46184|black_lock_ash] -> UpstreamBridge has disconnected
[05:13:09] [Netty Worker IO Thread #2/INFO]: [black_lock_ash] disconnected with: Proxy lost connection to server.
[05:13:09] [Netty Worker IO Thread #2/INFO]: [/[0:0:0:0:0:0:0:1%0]:46184|black_lock_ash] <-> DownstreamBridge <-> [lobby] has disconnected
[05:13:13] [Netty Worker IO Thread #0/INFO]: [/[0:0:0:0:0:0:0:1%0]:35794|Destructive_Bob] -> UpstreamBridge has disconnected
[05:13:13] [Netty Worker IO Thread #0/INFO]: [Destructive_Bob] disconnected with: Proxy lost connection to server.
[05:13:13] [Netty Worker IO Thread #0/INFO]: [/[0:0:0:0:0:0:0:1%0]:35794|Destructive_Bob] <-> DownstreamBridge <-> [lobby] has disconnected
[05:13:48] [Netty Worker IO Thread #1/INFO]: [/[0:0:0:0:0:0:0:1%0]:43236|Mr_Hugs] -> UpstreamBridge has disconnected
[05:13:48] [Netty Worker IO Thread #1/INFO]: [Mr_Hugs] disconnected with: Proxy lost connection to server.
[05:13:48] [Netty Worker IO Thread #1/INFO]: [/[0:0:0:0:0:0:0:1%0]:43236|Mr_Hugs] <-> DownstreamBridge <-> [lobby] has disconnected
[05:15:09] [Netty Worker IO Thread #0/INFO]: [/[0:0:0:0:0:0:0:1%0]:50068|Mr_dot] -> UpstreamBridge has disconnected
[05:15:09] [Netty Worker IO Thread #0/INFO]: [Mr_dot] disconnected with: Proxy lost connection to server.
[05:15:09] [Netty Worker IO Thread #0/INFO]: [/[0:0:0:0:0:0:0:1%0]:50068|Mr_dot] <-> DownstreamBridge <-> [lobby] has disconnected
[05:19:14] [Netty Worker IO Thread #3/INFO] [EaglercraftXBungee]: [/[0:0:0:0:0:0:0:1%0]:37306]: Connected via websocket
[05:19:14] [Netty Worker IO Thread #3/INFO] [EaglercraftXBungee]: [/[0:0:0:0:0:0:0:1%0]:37306]: Origin header is https://elephantkid.github.io
[05:19:14] [Netty Worker IO Thread #3/INFO] [EaglercraftXBungee]: [/[0:0:0:0:0:0:0:1%0]:37306]: Logged in as 'Mr_dot'
[05:19:14] [Netty Worker IO Thread #3/INFO]: [/[0:0:0:0:0:0:0:1%0]:37306|Mr_dot] -> UpstreamBridge has connected
[05:19:14] [Netty Worker IO Thread #3/INFO]: [Mr_dot|/[0:0:0:0:0:0:0:1%0]:37306] <-> ServerConnector [lobby] has connected
[05:19:18] [Netty Worker IO Thread #3/INFO]: [/[0:0:0:0:0:0:0:1%0]:37306|Mr_dot] -> UpstreamBridge has disconnected
[05:19:18] [Netty Worker IO Thread #3/INFO]: [Mr_dot] disconnected with: Proxy lost connection to server.
[05:19:18] [Netty Worker IO Thread #3/INFO]: [/[0:0:0:0:0:0:0:1%0]:37306|Mr_dot] <-> DownstreamBridge <-> [lobby] has disconnected
